#
# A fatal error has been detected by the Java Runtime Environment:
#
#  SIGSEGV (0xb) at pc=0x00007faaec0007e8, pid=22377, tid=140372579854080
#
# JRE version: Java(TM) SE Runtime Environment (8.0_51-b16) (build 1.8.0_51-b16)
# Java VM: Java HotSpot(TM) 64-Bit Server VM (25.51-b03 mixed mode linux-amd64 compressed oops)
# Problematic frame:
# C  0x00007faaec0007e8
#
# Failed to write core dump. Core dumps have been disabled. To enable core dumping, try "ulimit -c unlimited" before starting Java again
#
# If you would like to submit a bug report, please visit:
#   http://bugreport.java.com/bugreport/crash.jsp
#

---------------  T H R E A D  ---------------

Current thread (0x00007fab2818d800):  JavaThread "JDWP Transport Listener: dt_socket" daemon [_thread_in_vm, id=22393, stack(0x00007fab09b22000,0x00007fab09c23000)]

siginfo: si_signo: 11 (SIGSEGV), si_code: 2 (SEGV_ACCERR), si_addr: 0x00007faaec0007e8

Registers:
RAX=0x00007faaec01d3f0, RBX=0x00007faaec000078, RCX=0x00007fab2ff612c0, RDX=0x00007fab2f53bba0
RSP=0x00007fab09c219c8, RBP=0x00007fab09c219e0, RSI=0x00007fab2818d800, RDI=0x00007faaec000078
R8 =0x00007fab2818e670, R9 =0x0000000000000000, R10=0x0000000000000001, R11=0x00007faaec0042a8
R12=0x0000000000000017, R13=0x00007faaec000088, R14=0x00007fab2818d800, R15=0x00007fab09c21ae7
RIP=0x00007faaec0007e8, EFLAGS=0x0000000000010206, CSGSFS=0x0000000000000033, ERR=0x0000000000000015
  TRAPNO=0x000000000000000e

Top of Stack: (sp=0x00007fab09c219c8)
0x00007fab09c219c8:   00007fab2ee366a7 0000000000000074
0x00007fab09c219d8:   00007fab28003c20 00007fab09c21a50
0x00007fab09c219e8:   00007fab2ecc7f9e 00007fab28003c20
0x00007fab09c219f8:   00007fab09c21a00 00007fab2818d800
0x00007fab09c21a08:   0000000000000000 00007fab00000000
0x00007fab09c21a18:   0000000000000000 00007fab09c21a30
0x00007fab09c21a28:   00007fab2dc50e40 00007faaec000088
0x00007fab09c21a38:   00007fab09c21ae7 0000000000000000
0x00007fab09c21a48:   00007fab09c21ae7 00007fab09c21a80
0x00007fab09c21a58:   00007fab2da3c8c2 00007fab09c21a80
0x00007fab09c21a68:   00007faaec000088 00007fab09c21b50
0x00007fab09c21a78:   0000000000000000 00007fab09c21b10
0x00007fab09c21a88:   00007fab2da1daa0 00007fab09c21ac8
0x00007fab09c21a98:   00007fab09c21ac0 00007fab09c21ab8
0x00007fab09c21aa8:   00007fab09c21adc 00000001ec008ab0
0x00007fab09c21ab8:   0000000000000000 0000000000000000
0x00007fab09c21ac8:   0000000000000000 00007faaec0092c0
0x00007fab09c21ad8:   00007fab09c21b50 0000000000000002
0x00007fab09c21ae8:   0000000000000002 000000000000000f
0x00007fab09c21af8:   0000000000000002 00000000000f0200
0x00007fab09c21b08:   000000000000000f 00007fab09c21d60
0x00007fab09c21b18:   00007fab2da289c6 0000523000000013
0x00007fab09c21b28:   00007fab2e0f0200 00007faae4000ba0
0x00007fab09c21b38:   0000000000000000 00007fab09c21b50
0x00007fab09c21b48:   00007fab09c21ce0 00007fab09c21ba4
0x00007fab09c21b58:   00007fab00000128 00007fab09c21b68
0x00007fab09c21b68:   0000000000000004 00007fab09c21ba0
0x00007fab09c21b78:   0000000000000000 00007f0000000000
0x00007fab09c21b88:   000052300000001c 00007fab00001c80
0x00007fab09c21b98:   00007fab09c21ba0 0000000102000000
0x00007fab09c21ba8:   0000005c00000000 7f00008a00000007
0x00007fab09c21bb8:   000000f06e00ecaa 0000000800000000 

Instructions: (pc=0x00007faaec0007e8)
0x00007faaec0007c8:   b8 07 00 ec aa 7f 00 00 b8 07 00 ec aa 7f 00 00
0x00007faaec0007d8:   c8 07 00 ec aa 7f 00 00 c8 07 00 ec aa 7f 00 00
0x00007faaec0007e8:   d8 07 00 ec aa 7f 00 00 d8 07 00 ec aa 7f 00 00
0x00007faaec0007f8:   e8 07 00 ec aa 7f 00 00 e8 07 00 ec aa 7f 00 00 

Register to memory mapping:

RAX=0x00007faaec01d3f0 is an unknown value
RBX=0x00007faaec000078 is an unknown value
RCX=0x00007fab2ff612c0: <offset 0x2182c0> in /lib/x86_64-linux-gnu/libpthread.so.0 at 0x00007fab2fd49000
RDX=0x00007fab2f53bba0: <offset 0xf9eba0> in /opt/java/jdk1.8.0_51/jre/lib/amd64/server/libjvm.so at 0x00007fab2e59d000
RSP=0x00007fab09c219c8 is pointing into the stack for thread: 0x00007fab2818d800
RBP=0x00007fab09c219e0 is pointing into the stack for thread: 0x00007fab2818d800
RSI=0x00007fab2818d800 is a thread
RDI=0x00007faaec000078 is an unknown value
R8 =0x00007fab2818e670 is an unknown value
R9 =0x0000000000000000 is an unknown value
R10=0x0000000000000001 is an unknown value
R11=0x00007faaec0042a8 is an unknown value
R12=0x0000000000000017 is an unknown value
R13=0x00007faaec000088 is an unknown value
R14=0x00007fab2818d800 is a thread
R15=0x00007fab09c21ae7 is pointing into the stack for thread: 0x00007fab2818d800


Stack: [0x00007fab09b22000,0x00007fab09c23000],  sp=0x00007fab09c219c8,  free space=1022k
Native frames: (J=compiled Java code, j=interpreted, Vv=VM code, C=native code)
C  0x00007faaec0007e8
V  [libjvm.so+0x72af9e]  jvmti_IsMethodSynthetic+0x2be
C  [libjdwp.so+0x258c2]  isMethodSynthetic+0x42
C  [libjdwp.so+0x6aa0]  methods1+0x1b0
C  [libjdwp.so+0x119c6]  debugLoop_run+0x2b6
C  [libjdwp.so+0x247ff]  attachThread+0x2f
V  [libjvm.so+0x797362]  JvmtiAgentThread::call_start_function()+0xc2
V  [libjvm.so+0xa5cbcf]  JavaThread::thread_main_inner()+0xdf
V  [libjvm.so+0xa5ccfc]  JavaThread::run()+0x11c
V  [libjvm.so+0x911048]  java_start(Thread*)+0x108
C  [libpthread.so.0+0x76fa]  start_thread+0xca


---------------  P R O C E S S  ---------------

Java Threads: ( => current thread )
  0x00007faaac021000 JavaThread "pool-11-thread-1" [_thread_blocked, id=22723, stack(0x00007faacdc6c000,0x00007faacdd6d000)]
  0x00007faab0104800 JavaThread "XNIO-1 I/O-4" [_thread_in_native, id=22697, stack(0x00007faacdd6d000,0x00007faacde6e000)]
  0x00007faab0103800 JavaThread "XNIO-1 I/O-3" [_thread_in_native, id=22696, stack(0x00007faace477000,0x00007faace578000)]
  0x00007faab0102800 JavaThread "XNIO-1 I/O-2" [_thread_in_native, id=22695, stack(0x00007faace578000,0x00007faace679000)]
  0x00007faab0101800 JavaThread "XNIO-1 I/O-1" [_thread_in_native, id=22694, stack(0x00007faacea7b000,0x00007faaceb7c000)]
  0x00007faaac029800 JavaThread "Thread-30" [_thread_blocked, id=22682, stack(0x00007faace97a000,0x00007faacea7b000)]
  0x00007faac04c2000 JavaThread "Kevoree_Core_ListenerScheduler_node0" [_thread_blocked, id=22625, stack(0x00007faacfcff000,0x00007faacfe00000)]
  0x00007faac04c1000 JavaThread "Kevoree_Core_Scheduler_node0" [_thread_blocked, id=22623, stack(0x00007faafc056000,0x00007faafc157000)]
  0x00007fab281d8000 JavaThread "Service Thread" daemon [_thread_blocked, id=22404, stack(0x00007fab0951c000,0x00007fab0961d000)]
  0x00007fab281d5000 JavaThread "C1 CompilerThread2" daemon [_thread_blocked, id=22403, stack(0x00007fab0961d000,0x00007fab0971e000)]
  0x00007fab281d3000 JavaThread "C2 CompilerThread1" daemon [_thread_blocked, id=22402, stack(0x00007fab0971e000,0x00007fab0981f000)]
  0x00007fab281d0000 JavaThread "C2 CompilerThread0" daemon [_thread_blocked, id=22401, stack(0x00007fab0981f000,0x00007fab09920000)]
  0x00007faaec001000 JavaThread "JDWP Command Reader" daemon [_thread_in_native, id=22397, stack(0x00007fab09920000,0x00007fab09a21000)]
  0x00007fab28191000 JavaThread "JDWP Event Helper Thread" daemon [_thread_blocked, id=22396, stack(0x00007fab09a21000,0x00007fab09b22000)]
=>0x00007fab2818d800 JavaThread "JDWP Transport Listener: dt_socket" daemon [_thread_in_vm, id=22393, stack(0x00007fab09b22000,0x00007fab09c23000)]
  0x00007fab28181800 JavaThread "Signal Dispatcher" daemon [_thread_blocked, id=22391, stack(0x00007fab09e27000,0x00007fab09f28000)]
  0x00007fab2814a000 JavaThread "Finalizer" daemon [_thread_blocked, id=22390, stack(0x00007fab09f28000,0x00007fab0a029000)]
  0x00007fab28148000 JavaThread "Reference Handler" daemon [_thread_blocked, id=22389, stack(0x00007fab0a029000,0x00007fab0a12a000)]
  0x00007fab2800e000 JavaThread "main" [_thread_blocked, id=22378, stack(0x00007fab30057000,0x00007fab30158000)]

Other Threads:
  0x00007fab28143000 VMThread [stack: 0x00007fab0a12a000,0x00007fab0a22b000] [id=22388]
  0x00007fab281db000 WatcherThread [stack: 0x00007fab0941b000,0x00007fab0951c000] [id=22405]

VM state:not at safepoint (normal execution)

VM Mutex/Monitor currently owned by a thread: None

Heap:
 PSYoungGen      total 269312K, used 185984K [0x000000076d100000, 0x0000000780c00000, 0x00000007c0000000)
  eden space 254464K, 73% used [0x000000076d100000,0x00000007786a0130,0x000000077c980000)
  from space 14848K, 0% used [0x000000077c980000,0x000000077c980000,0x000000077d800000)
  to   space 17408K, 0% used [0x000000077fb00000,0x000000077fb00000,0x0000000780c00000)
 ParOldGen       total 180224K, used 23687K [0x00000006c7200000, 0x00000006d2200000, 0x000000076d100000)
  object space 180224K, 13% used [0x00000006c7200000,0x00000006c8921ee8,0x00000006d2200000)
 Metaspace       used 40699K, capacity 42500K, committed 42752K, reserved 1087488K
  class space    used 4418K, capacity 5014K, committed 5120K, reserved 1048576K

Card table byte_map: [0x00007fab18838000,0x00007fab19000000] byte_map_base: 0x00007fab151ff000

Marking Bits: (ParMarkBitMap*) 0x00007fab2f53b660
 Begin Bits: [0x00007faafc390000, 0x00007fab001c8000)
 End Bits:   [0x00007fab001c8000, 0x00007fab04000000)

Polling page: 0x00007fab30188000

CodeCache: size=245760Kb used=16489Kb max_used=16522Kb free=229270Kb
 bounds [0x00007fab19000000, 0x00007fab1a070000, 0x00007fab28000000]
 total_blobs=5774 nmethods=5321 adapters=372
 compilation: enabled

Compilation events (10 events):
Event: 250,831 Thread 0x00007fab281d5000 6246       3       java.lang.Long::longValue (5 bytes)
Event: 250,831 Thread 0x00007fab281d5000 nmethod 6246 0x00007fab1965f150 code [0x00007fab1965f2a0, 0x00007fab1965f3f0]
Event: 283,833 Thread 0x00007fab281d5000 6248       3       java.lang.Long::getChars (221 bytes)
Event: 283,833 Thread 0x00007fab281d5000 nmethod 6248 0x00007fab19244b90 code [0x00007fab19244d60, 0x00007fab192453d0]
Event: 283,833 Thread 0x00007fab281d5000 6247       3       java.lang.Long::stringSize (38 bytes)
Event: 283,834 Thread 0x00007fab281d5000 nmethod 6247 0x00007fab1965ecd0 code [0x00007fab1965ee40, 0x00007fab1965f090]
Event: 310,834 Thread 0x00007fab281d5000 6249       1       org.kevoree.library.java.wrapper.KInstanceWrapper::getTargetObj (5 bytes)
Event: 310,834 Thread 0x00007fab281d5000 nmethod 6249 0x00007fab1965ea10 code [0x00007fab1965eb60, 0x00007fab1965ec70]
Event: 340,836 Thread 0x00007fab281d5000 6250       1       org.kevoree.library.java.wrapper.KInstanceWrapper::getIsStarted (5 bytes)
Event: 340,836 Thread 0x00007fab281d5000 nmethod 6250 0x00007fab1965e750 code [0x00007fab1965e8a0, 0x00007fab1965e9b0]

GC Heap History (10 events):
Event: 5,778 GC heap before
{Heap before GC invocations=5 (full 0):
 PSYoungGen      total 139264K, used 105996K [0x000000076d100000, 0x0000000776300000, 0x00000007c0000000)
  eden space 129024K, 74% used [0x000000076d100000,0x0000000772e95a20,0x0000000774f00000)
  from space 10240K, 99% used [0x0000000775900000,0x00000007762ed7f8,0x0000000776300000)
  to   space 10240K, 0% used [0x0000000774f00000,0x0000000774f00000,0x0000000775900000)
 ParOldGen       total 171008K, used 48K [0x00000006c7200000, 0x00000006d1900000, 0x000000076d100000)
  object space 171008K, 0% used [0x00000006c7200000,0x00000006c720c000,0x00000006d1900000)
 Metaspace       used 20598K, capacity 21166K, committed 21296K, reserved 1069056K
  class space    used 2445K, capacity 2635K, committed 2688K, reserved 1048576K
Event: 5,806 GC heap after
Heap after GC invocations=5 (full 0):
 PSYoungGen      total 139264K, used 10208K [0x000000076d100000, 0x000000077e800000, 0x00000007c0000000)
  eden space 129024K, 0% used [0x000000076d100000,0x000000076d100000,0x0000000774f00000)
  from space 10240K, 99% used [0x0000000774f00000,0x00000007758f8040,0x0000000775900000)
  to   space 13824K, 0% used [0x000000077da80000,0x000000077da80000,0x000000077e800000)
 ParOldGen       total 171008K, used 1924K [0x00000006c7200000, 0x00000006d1900000, 0x000000076d100000)
  object space 171008K, 1% used [0x00000006c7200000,0x00000006c73e12c0,0x00000006d1900000)
 Metaspace       used 20598K, capacity 21166K, committed 21296K, reserved 1069056K
  class space    used 2445K, capacity 2635K, committed 2688K, reserved 1048576K
}
Event: 5,806 GC heap before
{Heap before GC invocations=6 (full 1):
 PSYoungGen      total 139264K, used 10208K [0x000000076d100000, 0x000000077e800000, 0x00000007c0000000)
  eden space 129024K, 0% used [0x000000076d100000,0x000000076d100000,0x0000000774f00000)
  from space 10240K, 99% used [0x0000000774f00000,0x00000007758f8040,0x0000000775900000)
  to   space 13824K, 0% used [0x000000077da80000,0x000000077da80000,0x000000077e800000)
 ParOldGen       total 171008K, used 1924K [0x00000006c7200000, 0x00000006d1900000, 0x000000076d100000)
  object space 171008K, 1% used [0x00000006c7200000,0x00000006c73e12c0,0x00000006d1900000)
 Metaspace       used 20598K, capacity 21166K, committed 21296K, reserved 1069056K
  class space    used 2445K, capacity 2635K, committed 2688K, reserved 1048576K
Event: 5,913 GC heap after
Heap after GC invocations=6 (full 1):
 PSYoungGen      total 139264K, used 0K [0x000000076d100000, 0x000000077e800000, 0x00000007c0000000)
  eden space 129024K, 0% used [0x000000076d100000,0x000000076d100000,0x0000000774f00000)
  from space 10240K, 0% used [0x0000000774f00000,0x0000000774f00000,0x0000000775900000)
  to   space 13824K, 0% used [0x000000077da80000,0x000000077da80000,0x000000077e800000)
 ParOldGen       total 111104K, used 11991K [0x00000006c7200000, 0x00000006cde80000, 0x000000076d100000)
  object space 111104K, 10% used [0x00000006c7200000,0x00000006c7db5de0,0x00000006cde80000)
 Metaspace       used 20598K, capacity 21166K, committed 21296K, reserved 1069056K
  class space    used 2445K, capacity 2635K, committed 2688K, reserved 1048576K
}
Event: 8,493 GC heap before
{Heap before GC invocations=7 (full 1):
 PSYoungGen      total 139264K, used 129024K [0x000000076d100000, 0x000000077e800000, 0x00000007c0000000)
  eden space 129024K, 100% used [0x000000076d100000,0x0000000774f00000,0x0000000774f00000)
  from space 10240K, 0% used [0x0000000774f00000,0x0000000774f00000,0x0000000775900000)
  to   space 13824K, 0% used [0x000000077da80000,0x000000077da80000,0x000000077e800000)
 ParOldGen       total 111104K, used 11991K [0x00000006c7200000, 0x00000006cde80000, 0x000000076d100000)
  object space 111104K, 10% used [0x00000006c7200000,0x00000006c7db5de0,0x00000006cde80000)
 Metaspace       used 27717K, capacity 28472K, committed 28800K, reserved 1075200K
  class space    used 3132K, capacity 3371K, committed 3456K, reserved 1048576K
Event: 8,529 GC heap after
Heap after GC invocations=7 (full 1):
 PSYoungGen      total 202240K, used 12054K [0x000000076d100000, 0x000000077e680000, 0x00000007c0000000)
  eden space 189952K, 0% used [0x000000076d100000,0x000000076d100000,0x0000000778a80000)
  from space 12288K, 98% used [0x000000077da80000,0x000000077e645b68,0x000000077e680000)
  to   space 14848K, 0% used [0x000000077c980000,0x000000077c980000,0x000000077d800000)
 ParOldGen       total 111104K, used 11999K [0x00000006c7200000, 0x00000006cde80000, 0x000000076d100000)
  object space 111104K, 10% used [0x00000006c7200000,0x00000006c7db7de0,0x00000006cde80000)
 Metaspace       used 27717K, capacity 28472K, committed 28800K, reserved 1075200K
  class space    used 3132K, capacity 3371K, committed 3456K, reserved 1048576K
}
Event: 10,495 GC heap before
{Heap before GC invocations=8 (full 1):
 PSYoungGen      total 202240K, used 129944K [0x000000076d100000, 0x000000077e680000, 0x00000007c0000000)
  eden space 189952K, 62% used [0x000000076d100000,0x0000000774420778,0x0000000778a80000)
  from space 12288K, 98% used [0x000000077da80000,0x000000077e645b68,0x000000077e680000)
  to   space 14848K, 0% used [0x000000077c980000,0x000000077c980000,0x000000077d800000)
 ParOldGen       total 111104K, used 11999K [0x00000006c7200000, 0x00000006cde80000, 0x000000076d100000)
  object space 111104K, 10% used [0x00000006c7200000,0x00000006c7db7de0,0x00000006cde80000)
 Metaspace       used 34258K, capacity 35284K, committed 35456K, reserved 1081344K
  class space    used 3789K, capacity 4139K, committed 4224K, reserved 1048576K
Event: 10,553 GC heap after
Heap after GC invocations=8 (full 1):
 PSYoungGen      total 269312K, used 14846K [0x000000076d100000, 0x0000000780c00000, 0x00000007c0000000)
  eden space 254464K, 0% used [0x000000076d100000,0x000000076d100000,0x000000077c980000)
  from space 14848K, 99% used [0x000000077c980000,0x000000077d7ffb50,0x000000077d800000)
  to   space 17408K, 0% used [0x000000077fb00000,0x000000077fb00000,0x0000000780c00000)
 ParOldGen       total 111104K, used 12403K [0x00000006c7200000, 0x00000006cde80000, 0x000000076d100000)
  object space 111104K, 11% used [0x00000006c7200000,0x00000006c7e1cf98,0x00000006cde80000)
 Metaspace       used 34258K, capacity 35284K, committed 35456K, reserved 1081344K
  class space    used 3789K, capacity 4139K, committed 4224K, reserved 1048576K
}
Event: 10,553 GC heap before
{Heap before GC invocations=9 (full 2):
 PSYoungGen      total 269312K, used 14846K [0x000000076d100000, 0x0000000780c00000, 0x00000007c0000000)
  eden space 254464K, 0% used [0x000000076d100000,0x000000076d100000,0x000000077c980000)
  from space 14848K, 99% used [0x000000077c980000,0x000000077d7ffb50,0x000000077d800000)
  to   space 17408K, 0% used [0x000000077fb00000,0x000000077fb00000,0x0000000780c00000)
 ParOldGen       total 111104K, used 12403K [0x00000006c7200000, 0x00000006cde80000, 0x000000076d100000)
  object space 111104K, 11% used [0x00000006c7200000,0x00000006c7e1cf98,0x00000006cde80000)
 Metaspace       used 34258K, capacity 35284K, committed 35456K, reserved 1081344K
  class space    used 3789K, capacity 4139K, committed 4224K, reserved 1048576K
Event: 10,728 GC heap after
Heap after GC invocations=9 (full 2):
 PSYoungGen      total 269312K, used 0K [0x000000076d100000, 0x0000000780c00000, 0x00000007c0000000)
  eden space 254464K, 0% used [0x000000076d100000,0x000000076d100000,0x000000077c980000)
  from space 14848K, 0% used [0x000000077c980000,0x000000077c980000,0x000000077d800000)
  to   space 17408K, 0% used [0x000000077fb00000,0x000000077fb00000,0x0000000780c00000)
 ParOldGen       total 180224K, used 23687K [0x00000006c7200000, 0x00000006d2200000, 0x000000076d100000)
  object space 180224K, 13% used [0x00000006c7200000,0x00000006c8921ee8,0x00000006d2200000)
 Metaspace       used 34258K, capacity 35284K, committed 35456K, reserved 1081344K
  class space    used 3789K, capacity 4139K, committed 4224K, reserved 1048576K
}

Deoptimization events (10 events):
Event: 14,042 Thread 0x00007faac055c800 Uncommon trap: reason=unhandled action=none pc=0x00007fab1925efdc method=java.net.URLClassLoader.findClass(Ljava/lang/String;)Ljava/lang/Class; @ 44
Event: 14,042 Thread 0x00007faac055c800 Uncommon trap: reason=unhandled action=none pc=0x00007fab1925efdc method=java.net.URLClassLoader.findClass(Ljava/lang/String;)Ljava/lang/Class; @ 44
Event: 14,048 Thread 0x00007faac055c800 Uncommon trap: reason=unhandled action=none pc=0x00007fab1925efdc method=java.net.URLClassLoader.findClass(Ljava/lang/String;)Ljava/lang/Class; @ 44
Event: 14,048 Thread 0x00007faac055c800 Uncommon trap: reason=unhandled action=none pc=0x00007fab1925efdc method=java.net.URLClassLoader.findClass(Ljava/lang/String;)Ljava/lang/Class; @ 44
Event: 14,048 Thread 0x00007faac055c800 Uncommon trap: reason=unhandled action=none pc=0x00007fab1925efdc method=java.net.URLClassLoader.findClass(Ljava/lang/String;)Ljava/lang/Class; @ 44
Event: 14,048 Thread 0x00007faac055c800 Uncommon trap: reason=unhandled action=none pc=0x00007fab1925efdc method=java.net.URLClassLoader.findClass(Ljava/lang/String;)Ljava/lang/Class; @ 44
Event: 14,048 Thread 0x00007faac055c800 Uncommon trap: reason=unhandled action=none pc=0x00007fab1925efdc method=java.net.URLClassLoader.findClass(Ljava/lang/String;)Ljava/lang/Class; @ 44
Event: 14,048 Thread 0x00007faac055c800 Uncommon trap: reason=unhandled action=none pc=0x00007fab1925efdc method=java.net.URLClassLoader.findClass(Ljava/lang/String;)Ljava/lang/Class; @ 44
Event: 14,049 Thread 0x00007faac055c800 Uncommon trap: reason=unhandled action=none pc=0x00007fab1925efdc method=java.net.URLClassLoader.findClass(Ljava/lang/String;)Ljava/lang/Class; @ 44
Event: 19,076 Thread 0x00007faaac021000 Uncommon trap: reason=unstable_if action=reinterpret pc=0x00007fab19eea6fc method=java.util.Arrays.equals([B[B)Z @ 2

Internal exceptions (10 events):
Event: 13,488 Thread 0x00007faac04ed000 Exception <a 'java/security/PrivilegedActionException'> (0x0000000772c43940) thrown at [/HUDSON/workspace/8-2-build-linux-amd64/jdk8u51/3951/hotspot/src/share/vm/prims/jvm.cpp, line 1382]
Event: 13,488 Thread 0x00007faac04ed000 Exception <a 'java/security/PrivilegedActionException'> (0x0000000772c43ea8) thrown at [/HUDSON/workspace/8-2-build-linux-amd64/jdk8u51/3951/hotspot/src/share/vm/prims/jvm.cpp, line 1382]
Event: 13,981 Thread 0x00007faac055c800 Exception <a 'java/lang/ArrayIndexOutOfBoundsException': 71> (0x0000000776a25938) thrown at [/HUDSON/workspace/8-2-build-linux-amd64/jdk8u51/3951/hotspot/src/share/vm/interpreter/interpreterRuntime.cpp, line 366]
Event: 13,982 Thread 0x00007faac055c800 Exception <a 'java/lang/ArrayIndexOutOfBoundsException': 71> (0x0000000776a292b8) thrown at [/HUDSON/workspace/8-2-build-linux-amd64/jdk8u51/3951/hotspot/src/share/vm/interpreter/interpreterRuntime.cpp, line 366]
Event: 13,992 Thread 0x00007faac055c800 Exception <a 'java/lang/ArrayIndexOutOfBoundsException': 38> (0x0000000776a8a208) thrown at [/HUDSON/workspace/8-2-build-linux-amd64/jdk8u51/3951/hotspot/src/share/vm/interpreter/interpreterRuntime.cpp, line 366]
Event: 13,992 Thread 0x00007faac055c800 Exception <a 'java/lang/ArrayIndexOutOfBoundsException': 55> (0x0000000776a8c8a8) thrown at [/HUDSON/workspace/8-2-build-linux-amd64/jdk8u51/3951/hotspot/src/share/vm/interpreter/interpreterRuntime.cpp, line 366]
Event: 14,007 Thread 0x00007faac055c800 Exception <a 'java/lang/ArrayIndexOutOfBoundsException': 38> (0x0000000776acb920) thrown at [/HUDSON/workspace/8-2-build-linux-amd64/jdk8u51/3951/hotspot/src/share/vm/interpreter/interpreterRuntime.cpp, line 366]
Event: 14,013 Thread 0x00007faac055c800 Exception <a 'java/lang/ArrayIndexOutOfBoundsException': 49> (0x0000000776aef8c0) thrown at [/HUDSON/workspace/8-2-build-linux-amd64/jdk8u51/3951/hotspot/src/share/vm/interpreter/interpreterRuntime.cpp, line 366]
Event: 56,965 Thread 0x00007faaac021000 Exception <a 'java/lang/NoSuchMethodError': java.lang.Object.lambda$maxBy$24(Ljava/util/Comparator;Ljava/lang/Object;Ljava/lang/Object;)Ljava/lang/Object;> (0x000000077784abb0) thrown at [/HUDSON/workspace/8-2-build-linux-amd64/jdk8u51/3951/hotspot/src/sh
Event: 56,980 Thread 0x00007faaac021000 Exception <a 'java/lang/NoSuchMethodError': java.lang.Object.lambda$minBy$23(Ljava/util/Comparator;Ljava/lang/Object;Ljava/lang/Object;)Ljava/lang/Object;> (0x000000077785c560) thrown at [/HUDSON/workspace/8-2-build-linux-amd64/jdk8u51/3951/hotspot/src/sh

Events (10 events):
Event: 354,200 Executing VM operation: EnterInterpOnlyMode
Event: 354,200 Executing nested VM operation: Deoptimize
Event: 354,200 Executing nested VM operation: Deoptimize done
Event: 354,200 Executing VM operation: EnterInterpOnlyMode done
Event: 354,200 Executing VM operation: ChangeSingleStep
Event: 354,200 Executing VM operation: ChangeSingleStep done
Event: 354,200 Executing VM operation: ChangeSingleStep
Event: 354,200 Executing VM operation: ChangeSingleStep done
Event: 354,206 Executing VM operation: RedefineClasses
Event: 354,239 Executing VM operation: RedefineClasses done


Dynamic libraries:
00400000-00401000 r-xp 00000000 fc:00 16126573                           /opt/java/jdk1.8.0_51/bin/java
00600000-00601000 rw-p 00000000 fc:00 16126573                           /opt/java/jdk1.8.0_51/bin/java
023cc000-023ed000 rw-p 00000000 00:00 0                                  [heap]
6c7200000-6d2200000 rw-p 00000000 00:00 0 
6d2200000-76d100000 ---p 00000000 00:00 0 
76d100000-780c00000 rw-p 00000000 00:00 0 
780c00000-7c0000000 ---p 00000000 00:00 0 
7c0000000-7c0500000 rw-p 00000000 00:00 0 
7c0500000-800000000 ---p 00000000 00:00 0 
7faa9c000000-7faa9c021000 rw-p 00000000 00:00 0 
7faa9c021000-7faaa0000000 ---p 00000000 00:00 0 
7faaa0000000-7faaa002b000 rw-p 00000000 00:00 0 
7faaa002b000-7faaa4000000 ---p 00000000 00:00 0 
7faaa4000000-7faaa4021000 rw-p 00000000 00:00 0 
7faaa4021000-7faaa8000000 ---p 00000000 00:00 0 
7faaa8000000-7faaa8021000 rw-p 00000000 00:00 0 
7faaa8021000-7faaac000000 ---p 00000000 00:00 0 
7faaac000000-7faaac034000 rw-p 00000000 00:00 0 
7faaac034000-7faab0000000 ---p 00000000 00:00 0 
7faab0000000-7faab0288000 rw-p 00000000 00:00 0 
7faab0288000-7faab4000000 ---p 00000000 00:00 0 
7faab4000000-7faab4021000 rw-p 00000000 00:00 0 
7faab4021000-7faab8000000 ---p 00000000 00:00 0 
7faab8000000-7faab8021000 rw-p 00000000 00:00 0 
7faab8021000-7faabc000000 ---p 00000000 00:00 0 
7faabc000000-7faabc0ef000 rw-p 00000000 00:00 0 
7faabc0ef000-7faac0000000 ---p 00000000 00:00 0 
7faac0000000-7faac0560000 rw-p 00000000 00:00 0 
7faac0560000-7faac4000000 ---p 00000000 00:00 0 
7faac4000000-7faac4021000 rw-p 00000000 00:00 0 
7faac4021000-7faac8000000 ---p 00000000 00:00 0 
7faac8000000-7faac8021000 rw-p 00000000 00:00 0 
7faac8021000-7faacc000000 ---p 00000000 00:00 0 
7faacdb6b000-7faacdb6e000 ---p 00000000 00:00 0 
7faacdb6e000-7faacdc6c000 rw-p 00000000 00:00 0 
7faacdc6c000-7faacdc6f000 ---p 00000000 00:00 0 
7faacdc6f000-7faacdd6d000 rw-p 00000000 00:00 0 
7faacdd6d000-7faacdd70000 ---p 00000000 00:00 0 
7faacdd70000-7faacdf2e000 rw-p 00000000 00:00 0 
7faacdf2e000-7faace06e000 ---p 00000000 00:00 0 
7faace06e000-7faace076000 r-xp 00000000 fc:00 16126447                   /opt/java/jdk1.8.0_51/jre/lib/amd64/libmanagement.so
7faace076000-7faace276000 ---p 00008000 fc:00 16126447                   /opt/java/jdk1.8.0_51/jre/lib/amd64/libmanagement.so
7faace276000-7faace277000 rw-p 00008000 fc:00 16126447                   /opt/java/jdk1.8.0_51/jre/lib/amd64/libmanagement.so
7faace277000-7faace477000 rw-p 00000000 00:00 0 
7faace477000-7faace47a000 ---p 00000000 00:00 0 
7faace47a000-7faace578000 rw-p 00000000 00:00 0 
7faace578000-7faace57b000 ---p 00000000 00:00 0 
7faace57b000-7faace679000 rw-p 00000000 00:00 0 
7faace679000-7faace67c000 ---p 00000000 00:00 0 
7faace67c000-7faace97a000 rw-p 00000000 00:00 0 
7faace97a000-7faace97d000 ---p 00000000 00:00 0 
7faace97d000-7faacea7b000 rw-p 00000000 00:00 0 
7faacea7b000-7faacea7e000 ---p 00000000 00:00 0 
7faacea7e000-7faaceb7c000 rw-p 00000000 00:00 0 
7faaceb7c000-7faaceb7f000 ---p 00000000 00:00 0 
7faaceb7f000-7faacee7d000 rw-p 00000000 00:00 0 
7faacee7d000-7faacee93000 r-xp 00000000 fc:00 6422833                    /lib/x86_64-linux-gnu/libgcc_s.so.1
7faacee93000-7faacf092000 ---p 00016000 fc:00 6422833                    /lib/x86_64-linux-gnu/libgcc_s.so.1
7faacf092000-7faacf093000 rw-p 00015000 fc:00 6422833                    /lib/x86_64-linux-gnu/libgcc_s.so.1
7faacf093000-7faacf0c5000 r-xp 00000000 fc:00 16126448                   /opt/java/jdk1.8.0_51/jre/lib/amd64/libsunec.so
7faacf0c5000-7faacf2c4000 ---p 00032000 fc:00 16126448                   /opt/java/jdk1.8.0_51/jre/lib/amd64/libsunec.so
7faacf2c4000-7faacf2ca000 rw-p 00031000 fc:00 16126448                   /opt/java/jdk1.8.0_51/jre/lib/amd64/libsunec.so
7faacf2ca000-7faacf2da000 rw-p 00000000 00:00 0 
7faacf2da000-7faacf2f1000 r-xp 00000000 fc:00 6422705                    /lib/x86_64-linux-gnu/libresolv-2.23.so
7faacf2f1000-7faacf4f1000 ---p 00017000 fc:00 6422705                    /lib/x86_64-linux-gnu/libresolv-2.23.so
7faacf4f1000-7faacf4f2000 r--p 00017000 fc:00 6422705                    /lib/x86_64-linux-gnu/libresolv-2.23.so
7faacf4f2000-7faacf4f3000 rw-p 00018000 fc:00 6422705                    /lib/x86_64-linux-gnu/libresolv-2.23.so
7faacf4f3000-7faacf4f5000 rw-p 00000000 00:00 0 
7faacf4f5000-7faacf4fa000 r-xp 00000000 fc:00 6422712                    /lib/x86_64-linux-gnu/libnss_dns-2.23.so
7faacf4fa000-7faacf6fa000 ---p 00005000 fc:00 6422712                    /lib/x86_64-linux-gnu/libnss_dns-2.23.so
7faacf6fa000-7faacf6fb000 r--p 00005000 fc:00 6422712                    /lib/x86_64-linux-gnu/libnss_dns-2.23.so
7faacf6fb000-7faacf6fc000 rw-p 00006000 fc:00 6422712                    /lib/x86_64-linux-gnu/libnss_dns-2.23.so
7faacf6fc000-7faacf6fe000 r-xp 00000000 fc:00 6423360                    /lib/x86_64-linux-gnu/libnss_mdns4_minimal.so.2
7faacf6fe000-7faacf8fd000 ---p 00002000 fc:00 6423360                    /lib/x86_64-linux-gnu/libnss_mdns4_minimal.so.2
7faacf8fd000-7faacf8fe000 r--p 00001000 fc:00 6423360                    /lib/x86_64-linux-gnu/libnss_mdns4_minimal.so.2
7faacf8fe000-7faacf8ff000 rw-p 00002000 fc:00 6423360                    /lib/x86_64-linux-gnu/libnss_mdns4_minimal.so.2
7faacf8ff000-7faacfaff000 rw-p 00000000 00:00 0 
7faacfaff000-7faacfcff000 rw-p 00000000 00:00 0 
7faacfcff000-7faacfd02000 ---p 00000000 00:00 0 
7faacfd02000-7faad0000000 rw-p 00000000 00:00 0 
7faad0000000-7faad1770000 rw-p 00000000 00:00 0 
7faad1770000-7faad4000000 ---p 00000000 00:00 0 
7faad4000000-7faad4021000 rw-p 00000000 00:00 0 
7faad4021000-7faad8000000 ---p 00000000 00:00 0 
7faad8000000-7faadb1b0000 rw-p 00000000 00:00 0 
7faadb1b0000-7faadc000000 ---p 00000000 00:00 0 
7faadc000000-7faadeafd000 rw-p 00000000 00:00 0 
7faadeafd000-7faae0000000 ---p 00000000 00:00 0 
7faae0000000-7faae0021000 rw-p 00000000 00:00 0 
7faae0021000-7faae4000000 ---p 00000000 00:00 0 
7faae4000000-7faae4021000 rw-p 00000000 00:00 0 
7faae4021000-7faae8000000 ---p 00000000 00:00 0 
7faae8000000-7faae8021000 rw-p 00000000 00:00 0 
7faae8021000-7faaec000000 ---p 00000000 00:00 0 
7faaec000000-7faaec2b6000 rw-p 00000000 00:00 0 
7faaec2b6000-7faaf0000000 ---p 00000000 00:00 0 
7faaf0000000-7faaf0021000 rw-p 00000000 00:00 0 
7faaf0021000-7faaf4000000 ---p 00000000 00:00 0 
7faaf4000000-7faaf4021000 rw-p 00000000 00:00 0 
7faaf4021000-7faaf8000000 ---p 00000000 00:00 0 
7faaf8000000-7faaf802a000 rw-p 00000000 00:00 0 
7faaf802a000-7faafc000000 ---p 00000000 00:00 0 
7faafc028000-7faafc02d000 r--s 002f8000 fc:00 15864377                   /opt/java/jdk1.8.0_51/jre/lib/charsets.jar
7faafc02d000-7faafc032000 r--s 0002e000 fc:00 18350984                   /home/mleduc/.m2/repository/com/google/code/gson/gson/2.3/gson-2.3.jar
7faafc032000-7faafc054000 r--s 001a6000 fc:00 18350988                   /home/mleduc/.m2/repository/io/undertow/undertow-core/1.2.0.Beta8/undertow-core-1.2.0.Beta8.jar
7faafc054000-7faafc056000 r--s 00004000 fc:00 16780139                   /home/mleduc/.m2/repository/fr/braindead/wsmsgbroker-client/1.0.5/wsmsgbroker-client-1.0.5.jar
7faafc056000-7faafc059000 ---p 00000000 00:00 0 
7faafc059000-7faafc157000 rw-p 00000000 00:00 0 
7faafc157000-7faafc15a000 ---p 00000000 00:00 0 
7faafc15a000-7faafc390000 rw-p 00000000 00:00 0 
7faafc390000-7fab04000000 rw-p 00000000 00:00 0 
7fab04000000-7fab04021000 rw-p 00000000 00:00 0 
7fab04021000-7fab08000000 ---p 00000000 00:00 0 
7fab08000000-7fab08002000 r--s 0000c000 fc:00 18089612                   /home/mleduc/.m2/repository/org/jboss/logging/jboss-logging/3.1.4.GA/jboss-logging-3.1.4.GA.jar
7fab08002000-7fab0800b000 r--s 00073000 fc:00 18350987                   /home/mleduc/.m2/repository/org/jboss/xnio/xnio-api/3.3.0.Final/xnio-api-3.3.0.Final.jar
7fab0800b000-7fab0800e000 r--s 00016000 fc:00 18350986                   /home/mleduc/.m2/repository/org/jboss/xnio/xnio-nio/3.3.0.Final/xnio-nio-3.3.0.Final.jar
7fab0800e000-7fab0800f000 r--s 00001000 fc:00 16915756                   /home/mleduc/.m2/repository/fr/braindead/websocket-client/1.0.0/websocket-client-1.0.0.jar
7fab0800f000-7fab08010000 r--s 0000a000 fc:00 16135488                   /home/mleduc/.m2/repository/org/kevoree/library/java/org.kevoree.library.java.ws/5.3.2-SNAPSHOT/org.kevoree.library.java.ws-5.3.2-SNAPSHOT.jar
7fab08010000-7fab08014000 r--s 0001a000 fc:00 19529732                   /home/mleduc/.m2/repository/org/kevoree/library/java/org.kevoree.library.java.toys/5.3.2-SNAPSHOT/org.kevoree.library.java.toys-5.3.2-SNAPSHOT.jar
7fab08014000-7fab08016000 r--s 00011000 fc:00 18359042                   /home/mleduc/.m2/repository/org/kevoree/library/java/org.kevoree.library.java.javaNode/5.3.2-SNAPSHOT/org.kevoree.library.java.javaNode-5.3.2-SNAPSHOT.jar
7fab08016000-7fab08018000 r--s 0000f000 fc:00 17853753                   /home/mleduc/.m2/repository/org/kevoree/org.kevoree.kevscript/5.3.2-SNAPSHOT/org.kevoree.kevscript-5.3.2-20160517.113718-3.jar
7fab08018000-7fab0801a000 r--s 00001000 fc:00 16917679                   /home/mleduc/.m2/repository/org/kevoree/org.kevoree.annotation.api/5.3.2-SNAPSHOT/org.kevoree.annotation.api-5.3.2-20160517.113441-4.jar
7fab0801a000-7fab0801d000 r--s 00010000 fc:00 18319899                   /home/mleduc/.m2/repository/org/kevoree/org.kevoree.core/5.3.2-SNAPSHOT/org.kevoree.core-5.3.2-20160517.113729-3.jar
7fab0801d000-7fab08025000 r--s 000dd000 fc:00 17178792                   /home/mleduc/.m2/repository/org/kevoree/org.kevoree.model/5.3.2-SNAPSHOT/org.kevoree.model-5.3.2-20160517.113530-4.jar
7fab08025000-7fab0802a000 r--s 0003f000 fc:00 16126505                   /opt/java/jdk1.8.0_51/jre/lib/ext/sunjce_provider.jar
7fab0802a000-7fab0802b000 r--s 00009000 fc:00 16126504                   /opt/java/jdk1.8.0_51/jre/lib/ext/sunec.jar
7fab0802b000-7fab0802e000 r--s 0003a000 fc:00 16126511                   /opt/java/jdk1.8.0_51/jre/lib/ext/sunpkcs11.jar
7fab0802e000-7fab08030000 r--s 0001a000 fc:00 15864378                   /opt/java/jdk1.8.0_51/jre/lib/jce.jar
7fab08030000-7fab08032000 r--s 00004000 fc:00 17699006                   /home/mleduc/.m2/repository/org/kevoree/org.kevoree.api/5.3.2-SNAPSHOT/org.kevoree.api-5.3.2-20160517.113706-3.jar
7fab08032000-7fab08036000 r--s 00035000 fc:00 18090410                   /home/mleduc/.m2/repository/org/codehaus/plexus/plexus-utils/3.0.5/plexus-utils-3.0.5.jar
7fab08036000-7fab08039000 r--s 0000a000 fc:00 18088295                   /home/mleduc/.m2/repository/org/codehaus/plexus/plexus-io/1.0/plexus-io-1.0.jar
7fab08039000-7fab0803d000 r--s 00028000 fc:00 18088297                   /home/mleduc/.m2/repository/org/codehaus/plexus/plexus-archiver/1.0/plexus-archiver-1.0.jar
7fab0803d000-7fab0803e000 r--s 00004000 fc:00 18088299                   /home/mleduc/.m2/repository/org/apache/maven/maven-archiver/2.4.1/maven-archiver-2.4.1.jar
7fab0803e000-7fab08042000 r--s 0002f000 fc:00 18090639                   /home/mleduc/.m2/repository/commons-lang/commons-lang/2.1/commons-lang-2.1.jar
7fab08042000-7fab08045000 r--s 0000c000 fc:00 18090667                   /home/mleduc/.m2/repository/org/codehaus/plexus/plexus-io/2.0.2/plexus-io-2.0.2.jar
7fab08045000-7fab0804a000 r--s 00029000 fc:00 18090668                   /home/mleduc/.m2/repository/org/codehaus/plexus/plexus-archiver/2.1/plexus-archiver-2.1.jar
7fab0804a000-7fab0804c000 r--s 0000d000 fc:00 18090662                   /home/mleduc/.m2/repository/org/codehaus/plexus/plexus-interpolation/1.15/plexus-interpolation-1.15.jar
7fab0804c000-7fab0804e000 r--s 00004000 fc:00 18090379                   /home/mleduc/.m2/repository/org/apache/maven/maven-archiver/2.5/maven-archiver-2.5.jar
7fab0804e000-7fab08050000 r--s 00007000 fc:00 19009081                   /home/mleduc/.m2/repository/org/apache/maven/plugins/maven-jar-plugin/2.4/maven-jar-plugin-2.4.jar
7fab08050000-7fab08051000 r--s 00003000 fc:00 18358119                   /home/mleduc/.m2/repository/org/kevoree/library/java/org.kevoree.library.java.channels/5.3.2-SNAPSHOT/org.kevoree.library.java.channels-5.3.2-SNAPSHOT.jar
7fab08051000-7fab08052000 r--s 00006000 fc:00 18320211                   /home/mleduc/.m2/repository/org/kevoree/org.kevoree.bootstrap/5.3.2-SNAPSHOT/org.kevoree.bootstrap-5.3.2-20160517.113739-3.jar
7fab08052000-7fab08053000 r--s 00002000 fc:00 18219183                   /home/mleduc/.m2/repository/org/codehaus/plexus/plexus-digest/1.0/plexus-digest-1.0.jar
7fab08053000-7fab08054000 r--s 00006000 fc:00 19009087                   /home/mleduc/.m2/repository/org/apache/maven/plugins/maven-install-plugin/2.4/maven-install-plugin-2.4.jar
7fab08054000-7fab08067000 r--s 00344000 fc:00 15864396                   /opt/java/jdk1.8.0_51/jre/lib/resources.jar
7fab08067000-7fab0806b000 r--s 00035000 fc:00 18090661                   /home/mleduc/.m2/repository/org/codehaus/plexus/plexus-utils/3.0.8/plexus-utils-3.0.8.jar
7fab0806b000-7fab0826b000 rw-p 00000000 00:00 0 
7fab0826b000-7fab0846b000 rw-p 00000000 00:00 0 
7fab0846b000-7fab0866b000 rw-p 00000000 00:00 0 
7fab0866b000-7fab0886b000 rw-p 00000000 00:00 0 
7fab0886b000-7fab0887c000 r-xp 00000000 fc:00 16126488                   /opt/java/jdk1.8.0_51/jre/lib/amd64/libnio.so
7fab0887c000-7fab08a7b000 ---p 00011000 fc:00 16126488                   /opt/java/jdk1.8.0_51/jre/lib/amd64/libnio.so
7fab08a7b000-7fab08a7c000 rw-p 00010000 fc:00 16126488                   /opt/java/jdk1.8.0_51/jre/lib/amd64/libnio.so
7fab08a7c000-7fab08c7c000 rw-p 00000000 00:00 0 
7fab08c7c000-7fab08e7c000 rw-p 00000000 00:00 0 
7fab08e7c000-7fab08e7d000 r--s 00005000 fc:00 17434172                   /home/mleduc/.m2/repository/org/apache/maven/plugins/maven-source-plugin/2.1.2/maven-source-plugin-2.1.2.jar
7fab08e7d000-7fab08e7f000 r--s 00002000 fc:00 19794224                   /home/mleduc/.m2/repository/org/apache/maven/plugin-tools/maven-plugin-annotations/3.1/maven-plugin-annotations-3.1.jar
7fab08e7f000-7fab08e81000 r--s 00006000 fc:00 18090381                   /home/mleduc/.m2/repository/org/apache/maven/shared/maven-common-artifact-filters/1.3/maven-common-artifact-filters-1.3.jar
7fab08e81000-7fab08e87000 r--s 00048000 fc:00 18089164                   /home/mleduc/.m2/repository/org/apache/commons/commons-lang3/3.1/commons-lang3-3.1.jar
7fab08e87000-7fab08e8c000 r--s 0003c000 fc:00 19794222                   /home/mleduc/.m2/repository/org/apache/maven/surefire/maven-surefire-common/2.12.4/maven-surefire-common-2.12.4.jar
7fab08e8c000-7fab08e90000 r--s 00019000 fc:00 19794220                   /home/mleduc/.m2/repository/org/apache/maven/surefire/surefire-api/2.12.4/surefire-api-2.12.4.jar
7fab08e90000-7fab08e92000 r--s 00007000 fc:00 19794218                   /home/mleduc/.m2/repository/org/apache/maven/surefire/surefire-booter/2.12.4/surefire-booter-2.12.4.jar
7fab08e92000-7fab08e93000 r--s 00007000 fc:00 19009075                   /home/mleduc/.m2/repository/org/apache/maven/plugins/maven-surefire-plugin/2.12.4/maven-surefire-plugin-2.12.4.jar
7fab08e93000-7fab08f0c000 r--s 010e7000 fc:00 15600719                   /opt/java/jdk1.8.0_51/lib/tools.jar
7fab08f0c000-7fab08f0d000 r--s 00004000 fc:00 18540329                   /home/mleduc/.m2/repository/org/codehaus/plexus/plexus-compiler-javac/2.7/plexus-compiler-javac-2.7.jar
7fab08f0d000-7fab08f0f000 r--s 00000000 fc:00 18540330                   /home/mleduc/.m2/repository/org/codehaus/plexus/plexus-compiler-manager/2.7/plexus-compiler-manager-2.7.jar
7fab08f0f000-7fab08f11000 r--s 00005000 fc:00 18540328                   /home/mleduc/.m2/repository/org/codehaus/plexus/plexus-compiler-api/2.7/plexus-compiler-api-2.7.jar
7fab08f11000-7fab08f13000 r--s 00002000 fc:00 18089629                   /home/mleduc/.m2/repository/org/apache/maven/shared/maven-shared-incremental/1.1/maven-shared-incremental-1.1.jar
7fab08f13000-7fab08f15000 r--s 00006000 fc:00 18089627                   /home/mleduc/.m2/repository/com/google/code/findbugs/jsr305/2.0.1/jsr305-2.0.1.jar
7fab08f15000-7fab08f19000 r--s 0002a000 fc:00 18088256                   /home/mleduc/.m2/repository/commons-io/commons-io/2.4/commons-io-2.4.jar
7fab08f19000-7fab08f1c000 r--s 00023000 fc:00 18540327                   /home/mleduc/.m2/repository/org/apache/maven/shared/maven-shared-utils/3.0.0/maven-shared-utils-3.0.0.jar
7fab08f1c000-7fab08f20000 r--s 00017000 fc:00 18219400                   /home/mleduc/.m2/repository/org/sonatype/aether/aether-util/1.7/aether-util-1.7.jar
7fab08f20000-7fab08f24000 r--s 00033000 fc:00 18114993                   /home/mleduc/.m2/repository/org/codehaus/plexus/plexus-utils/2.0.4/plexus-utils-2.0.4.jar
7fab08f24000-7fab08f2f000 r--s 00069000 fc:00 18219398                   /home/mleduc/.m2/repository/org/sonatype/sisu/sisu-guice/2.1.7/sisu-guice-2.1.7-noaop.jar
7fab08f2f000-7fab08f34000 r--s 00021000 fc:00 18219397                   /home/mleduc/.m2/repository/org/sonatype/sisu/sisu-inject-bean/1.4.2/sisu-inject-bean-1.4.2.jar
7fab08f34000-7fab08f36000 r--s 0000b000 fc:00 17576886                   /home/mleduc/.m2/repository/org/apache/maven/plugins/maven-compiler-plugin/3.5.1/maven-compiler-plugin-3.5.1.jar
7fab08f36000-7fab08f38000 r--s 0000d000 fc:00 18088296                   /home/mleduc/.m2/repository/org/codehaus/plexus/plexus-interpolation/1.13/plexus-interpolation-1.13.jar
7fab08f38000-7fab08f39000 r--s 00001000 fc:00 18089712                   /home/mleduc/.m2/repository/org/sonatype/plexus/plexus-build-api/0.0.4/plexus-build-api-0.0.4.jar
7fab08f39000-7fab08f3b000 r--s 00007000 fc:00 18089714                   /home/mleduc/.m2/repository/org/apache/maven/shared/maven-filtering/1.0-beta-4/maven-filtering-1.0-beta-4.jar
7fab08f3b000-7fab08f3f000 r--s 00033000 fc:00 18088298                   /home/mleduc/.m2/repository/org/codehaus/plexus/plexus-utils/2.0.5/plexus-utils-2.0.5.jar
7fab08f3f000-7fab08f40000 r--s 00001000 fc:00 18089711                   /home/mleduc/.m2/repository/org/apache/maven/doxia/doxia-sink-api/1.0-alpha-7/doxia-sink-api-1.0-alpha-7.jar
7fab08f40000-7fab08f41000 r--s 00002000 fc:00 18089713                   /home/mleduc/.m2/repository/org/apache/maven/reporting/maven-reporting-api/2.0.6/maven-reporting-api-2.0.6.jar
7fab08f41000-7fab08f42000 r--s 00005000 fc:00 17699850                   /home/mleduc/.m2/repository/org/apache/maven/plugins/maven-resources-plugin/2.4.3/maven-resources-plugin-2.4.3.jar
7fab08f42000-7fab08f43000 r--s 00003000 fc:00 18089962                   /home/mleduc/.m2/repository/org/apache/maven/plugin-tools/maven-plugin-annotations/3.2/maven-plugin-annotations-3.2.jar
7fab08f43000-7fab08f47000 r--s 00033000 fc:00 18089632                   /home/mleduc/.m2/repository/org/codehaus/plexus/plexus-utils/2.0.6/plexus-utils-2.0.6.jar
7fab08f47000-7fab08f49000 r--s 00002000 fc:00 17176497                   /home/mleduc/.m2/repository/org/kevoree/maventools/org.kevoree.maventools.settings.ci/2/org.kevoree.maventools.settings.ci-2.jar
7fab08f49000-7fab08f4a000 r--s 00002000 fc:00 18088188                   /home/mleduc/.m2/repository/org/codehaus/plexus/plexus-i18n/1.0-beta-6/plexus-i18n-1.0-beta-6.jar
7fab08f4a000-7fab08f4c000 r--s 00007000 fc:00 18088187                   /home/mleduc/.m2/repository/org/apache/maven/shared/maven-dependency-tree/1.2/maven-dependency-tree-1.2.jar
7fab08f4c000-7fab08f51000 r--s 00040000 fc:00 18088184                   /home/mleduc/.m2/repository/org/beanshell/bsh/2.0b4/bsh-2.0b4.jar
7fab08f51000-7fab08f53000 r--s 00006000 fc:00 18088182                   /home/mleduc/.m2/repository/org/apache/maven/shared/maven-common-artifact-filters/1.2/maven-common-artifact-filters-1.2.jar
7fab08f53000-7fab08f55000 r--s 0000d000 fc:00 18088183                   /home/mleduc/.m2/repository/org/apache/maven/enforcer/enforcer-rules/1.0/enforcer-rules-1.0.jar
7fab08f55000-7fab08f56000 r--s 00002000 fc:00 18088178                   /home/mleduc/.m2/repository/org/apache/maven/enforcer/enforcer-api/1.0/enforcer-api-1.0.jar
7fab08f56000-7fab08f5a000 r--s 00038000 fc:00 18088177                   /home/mleduc/.m2/repository/commons-lang/commons-lang/2.3/commons-lang-2.3.jar
7fab08f5a000-7fab08f5f000 r--s 0003d000 fc:00 17959373                   /home/mleduc/.m2/repository/org/codehaus/plexus/plexus-utils/1.5.8/plexus-utils-1.5.8.jar
7fab08f5f000-7fab08f61000 r--s 00002000 fc:00 18088175                   /home/mleduc/.m2/repository/org/codehaus/plexus/plexus-interactivity-api/1.0-alpha-4/plexus-interactivity-api-1.0-alpha-4.jar
7fab08f61000-7fab08f63000 r--s 00006000 fc:00 18088176                   /home/mleduc/.m2/repository/commons-cli/commons-cli/1.0/commons-cli-1.0.jar
7fab08f63000-7fab08f64000 r--s 00002000 fc:00 17959371                   /home/mleduc/.m2/repository/org/apache/maven/doxia/doxia-sink-api/1.0-alpha-10/doxia-sink-api-1.0-alpha-10.jar
7fab08f64000-7fab08f65000 r--s 00002000 fc:00 17959370                   /home/mleduc/.m2/repository/org/apache/maven/reporting/maven-reporting-api/2.0.9/maven-reporting-api-2.0.9.jar
7fab08f65000-7fab08f67000 r--s 00004000 fc:00 17311152                   /home/mleduc/.m2/repository/org/apache/maven/plugins/maven-enforcer-plugin/1.0/maven-enforcer-plugin-1.0.jar
7fab08f67000-7fab08f6b000 r--s 00034000 fc:00 18090640                   /home/mleduc/.m2/repository/org/codehaus/plexus/plexus-utils/3.0/plexus-utils-3.0.jar
7fab08f6b000-7fab08f6d000 r--s 00005000 fc:00 19009069                   /home/mleduc/.m2/repository/org/apache/maven/plugins/maven-clean-plugin/2.5/maven-clean-plugin-2.5.jar
7fab08f6d000-7fab08f71000 r--s 00034000 fc:00 18089964                   /home/mleduc/.m2/repository/org/codehaus/plexus/plexus-utils/3.0.1/plexus-utils-3.0.1.jar
7fab08f71000-7fab08f79000 r--s 000dd000 fc:00 17185037                   /home/mleduc/.m2/repository/org/kevoree/org.kevoree.model/5.3.2-SNAPSHOT/org.kevoree.model-5.3.2-SNAPSHOT.jar
7fab08f79000-7fab08f7b000 r--s 0000a000 fc:00 18613405                   /home/mleduc/.m2/repository/com/github/zafarkhaja/java-semver/0.9.0/java-semver-0.9.0.jar
7fab08f7b000-7fab08f7d000 r--s 0000f000 fc:00 17853727                   /home/mleduc/.m2/repository/org/kevoree/org.kevoree.kevscript/5.3.2-SNAPSHOT/org.kevoree.kevscript-5.3.2-SNAPSHOT.jar
7fab08f7d000-7fab08f7f000 r--s 00006000 fc:00 16780097                   /home/mleduc/.m2/repository/org/kevoree/org.kevoree.maven.resolver/20/org.kevoree.maven.resolver-20.jar
7fab08f7f000-7fab08f81000 r--s 00001000 fc:00 16933985                   /home/mleduc/.m2/repository/org/kevoree/org.kevoree.annotation.api/5.3.2-SNAPSHOT/org.kevoree.annotation.api-5.3.2-SNAPSHOT.jar
7fab08f81000-7fab08f84000 r--s 00010000 fc:00 18219946                   /home/mleduc/.m2/repository/org/kevoree/org.kevoree.core/5.3.2-SNAPSHOT/org.kevoree.core-5.3.2-SNAPSHOT.jar
7fab08f84000-7fab08f85000 r--s 00004000 fc:00 16662413                   /home/mleduc/.m2/repository/org/kevoree/kcl/org.kevoree.kcl/23/org.kevoree.kcl-23.jar
7fab08f85000-7fab08f87000 r--s 00004000 fc:00 17698930                   /home/mleduc/.m2/repository/org/kevoree/org.kevoree.api/5.3.2-SNAPSHOT/org.kevoree.api-5.3.2-SNAPSHOT.jar
7fab08f87000-7fab08f88000 r--s 00001000 fc:00 16519344                   /home/mleduc/.m2/repository/org/kevoree/log/org.kevoree.log/1/org.kevoree.log-1.jar
7fab08f88000-7fab08f8a000 r--s 00002000 fc:00 16548176                   /home/mleduc/.m2/repository/org/kevoree/kcl/org.kevoree.kcl.microkernel/23/org.kevoree.kcl.microkernel-23.jar
7fab08f8a000-7fab08f8b000 r--s 00006000 fc:00 18219951                   /home/mleduc/.m2/repository/org/kevoree/org.kevoree.bootstrap/5.3.2-SNAPSHOT/org.kevoree.bootstrap-5.3.2-SNAPSHOT.jar
7fab08f8b000-7fab08f8f000 r--s 0001d000 fc:00 18089609                   /home/mleduc/.m2/repository/org/eclipse/aether/aether-util/0.9.0.M2/aether-util-0.9.0.M2.jar
7fab08f8f000-7fab08f92000 r--s 0001b000 fc:00 18088293                   /home/mleduc/.m2/repository/junit/junit/3.8.1/junit-3.8.1.jar
7fab08f92000-7fab08f9a000 r--s 00049000 fc:00 18089098                   /home/mleduc/.m2/repository/backport-util-concurrent/backport-util-concurrent/3.1/backport-util-concurrent-3.1.jar
7fab08f9a000-7fab08f9d000 r--s 0000c000 fc:00 18089652                   /home/mleduc/.m2/repository/org/apache/maven/shared/maven-dependency-tree/2.1/maven-dependency-tree-2.1.jar
7fab08f9d000-7fab08fa7000 r--s 0004f000 fc:00 17959123                   /home/mleduc/.m2/repository/org/jetbrains/kotlin/kotlin-runtime/0.8.11/kotlin-runtime-0.8.11.jar
7fab08fa7000-7fab08fad000 r--s 00075000 fc:00 17568657                   /home/mleduc/.m2/repository/org/jetbrains/kotlin/kotlin-stdlib/0.8.11/kotlin-stdlib-0.8.11.jar
7fab08fad000-7fab08faf000 r--s 00002000 fc:00 18089650                   /home/mleduc/.m2/repository/org/sonatype/plexus/plexus-cipher/1.4/plexus-cipher-1.4.jar
7fab08faf000-7fab08fb1000 r--s 00000000 fc:00 18089642                   /home/mleduc/.m2/repository/org/codehaus/plexus/plexus-component-annotations/1.5.5/plexus-component-annotations-1.5.5.jar
7fab08fb1000-7fab08fd0000 r--s 00152000 fc:00 18089624                   /home/mleduc/.m2/repository/org/sonatype/sisu/sisu-guava/0.9.9/sisu-guava-0.9.9.jar
7fab08fd0000-7fab08fd8000 r--s 00050000 fc:00 18089620                   /home/mleduc/.m2/repository/org/sonatype/sisu/sisu-guice/3.1.0/sisu-guice-3.1.0-no_aop.jar
7fab08fd8000-7fab08fdf000 r--s 00040000 fc:00 18089618                   /home/mleduc/.m2/repository/org/sonatype/sisu/sisu-inject-bean/2.3.0/sisu-inject-bean-2.3.0.jar
7fab08fdf000-7fab08fe8000 r--s 000ae000 fc:00 18088989                   /home/mleduc/.m2/repository/org/javassist/javassist/3.19.0-GA/javassist-3.19.0-GA.jar
7fab08fe8000-7fab08ffe000 r-xp 00000000 fc:00 16126461                   /opt/java/jdk1.8.0_51/jre/lib/amd64/libnet.so
7fab08ffe000-7fab091fe000 ---p 00016000 fc:00 16126461                   /opt/java/jdk1.8.0_51/jre/lib/amd64/libnet.so
7fab091fe000-7fab091ff000 rw-p 00016000 fc:00 16126461                   /opt/java/jdk1.8.0_51/jre/lib/amd64/libnet.so
7fab091ff000-7fab093ff000 rw-p 00000000 00:00 0 
7fab093ff000-7fab0941b000 r--s 00393000 fc:00 16126509                   /opt/java/jdk1.8.0_51/jre/lib/ext/cldrdata.jar
7fab0941b000-7fab0941c000 ---p 00000000 00:00 0 
7fab0941c000-7fab0951c000 rw-p 00000000 00:00 0 
7fab0951c000-7fab0951f000 ---p 00000000 00:00 0 
7fab0951f000-7fab0961d000 rw-p 00000000 00:00 0 
7fab0961d000-7fab09620000 ---p 00000000 00:00 0 
7fab09620000-7fab0971e000 rw-p 00000000 00:00 0 
7fab0971e000-7fab09721000 ---p 00000000 00:00 0 
7fab09721000-7fab0981f000 rw-p 00000000 00:00 0 
7fab0981f000-7fab09822000 ---p 00000000 00:00 0 
7fab09822000-7fab09920000 rw-p 00000000 00:00 0 
7fab09920000-7fab09923000 ---p 00000000 00:00 0 
7fab09923000-7fab09a21000 rw-p 00000000 00:00 0 
7fab09a21000-7fab09a24000 ---p 00000000 00:00 0 
7fab09a24000-7fab09b22000 rw-p 00000000 00:00 0 
7fab09b22000-7fab09b25000 ---p 00000000 00:00 0 
7fab09b25000-7fab09c23000 rw-p 00000000 00:00 0 
7fab09c23000-7fab09c27000 r-xp 00000000 fc:00 16126428                   /opt/java/jdk1.8.0_51/jre/lib/amd64/libdt_socket.so
7fab09c27000-7fab09e26000 ---p 00004000 fc:00 16126428                   /opt/java/jdk1.8.0_51/jre/lib/amd64/libdt_socket.so
7fab09e26000-7fab09e27000 rw-p 00003000 fc:00 16126428                   /opt/java/jdk1.8.0_51/jre/lib/amd64/libdt_socket.so
7fab09e27000-7fab09e2a000 ---p 00000000 00:00 0 
7fab09e2a000-7fab09f28000 rw-p 00000000 00:00 0 
7fab09f28000-7fab09f2b000 ---p 00000000 00:00 0 
7fab09f2b000-7fab0a029000 rw-p 00000000 00:00 0 
7fab0a029000-7fab0a02c000 ---p 00000000 00:00 0 
7fab0a02c000-7fab0a12a000 rw-p 00000000 00:00 0 
7fab0a12a000-7fab0a12b000 ---p 00000000 00:00 0 
7fab0a12b000-7fab0c000000 rw-p 00000000 00:00 0 
7fab0c000000-7fab0c021000 rw-p 00000000 00:00 0 
7fab0c021000-7fab10000000 ---p 00000000 00:00 0 
7fab10000000-7fab10021000 rw-p 00000000 00:00 0 
7fab10021000-7fab14000000 ---p 00000000 00:00 0 
7fab14000000-7fab14021000 rw-p 00000000 00:00 0 
7fab14021000-7fab18000000 ---p 00000000 00:00 0 
7fab18000000-7fab18004000 r--s 0001c000 fc:00 18089615                   /home/mleduc/.m2/repository/org/sonatype/aether/aether-util/1.13.1/aether-util-1.13.1.jar
7fab18004000-7fab1802f000 r--s 001fc000 fc:00 17571814                   /home/mleduc/ide/eclipse-mars/plugins/org.eclipse.m2e.maven.runtime_1.6.2.20150902-0001/jars/guava-18.0.jar
7fab1802f000-7fab18130000 rw-p 00000000 00:00 0 
7fab18130000-7fab18308000 r--s 03d0c000 fc:00 15864385                   /opt/java/jdk1.8.0_51/jre/lib/rt.jar
7fab18308000-7fab18360000 rw-p 00000000 00:00 0 
7fab18360000-7fab18838000 ---p 00000000 00:00 0 
7fab18838000-7fab18890000 rw-p 00000000 00:00 0 
7fab18890000-7fab18d67000 ---p 00000000 00:00 0 
7fab18d67000-7fab18e05000 rw-p 00000000 00:00 0 
7fab18e05000-7fab18fff000 ---p 00000000 00:00 0 
7fab18fff000-7fab19000000 rw-p 00000000 00:00 0 
7fab19000000-7fab1a070000 rwxp 00000000 00:00 0 
7fab1a070000-7fab28000000 ---p 00000000 00:00 0 
7fab28000000-7fab2a4a8000 rw-p 00000000 00:00 0 
7fab2a4a8000-7fab2c000000 ---p 00000000 00:00 0 
7fab2c000000-7fab2c001000 r--s 00006000 fc:00 17434178                   /home/mleduc/.m2/repository/org/sonatype/plexus/plexus-sec-dispatcher/1.3/plexus-sec-dispatcher-1.3.jar
7fab2c001000-7fab2c003000 r--s 0000d000 fc:00 18089630                   /home/mleduc/.m2/repository/org/codehaus/plexus/plexus-interpolation/1.14/plexus-interpolation-1.14.jar
7fab2c003000-7fab2c004000 r--s 00007000 fc:00 18220172                   /home/mleduc/.m2/repository/org/kevoree/tools/org.kevoree.tools.mavenplugin/5.3.2-SNAPSHOT/org.kevoree.tools.mavenplugin-5.3.2-SNAPSHOT.jar
7fab2c004000-7fab2c008000 r--s 00095000 fc:00 15864388                   /opt/java/jdk1.8.0_51/jre/lib/jsse.jar
7fab2c008000-7fab2c012000 r--s 00116000 fc:00 16126503                   /opt/java/jdk1.8.0_51/jre/lib/ext/localedata.jar
7fab2c012000-7fab2c013000 r--s 00002000 fc:00 17568763                   /home/mleduc/ide/eclipse-mars/plugins/org.eclipse.m2e.maven.runtime.slf4j.simple_1.6.2.20150902-0001/jars/slf4j-simple-1.7.5.jar
7fab2c013000-7fab2c018000 r--s 00041000 fc:00 17571813                   /home/mleduc/ide/eclipse-mars/plugins/org.eclipse.m2e.maven.runtime_1.6.2.20150902-0001/jars/commons-lang-2.6.jar
7fab2c018000-7fab2c019000 r--s 00002000 fc:00 17571842                   /home/mleduc/ide/eclipse-mars/plugins/org.eclipse.m2e.maven.runtime_1.6.2.20150902-0001/jars/wagon-file-2.9.jar
7fab2c019000-7fab2c01b000 r--s 00005000 fc:00 17571809                   /home/mleduc/ide/eclipse-mars/plugins/org.eclipse.m2e.maven.runtime_1.6.2.20150902-0001/jars/aether-transport-wagon-1.0.2.v20150114.jar
7fab2c01b000-7fab2c01d000 r--s 0000e000 fc:00 17571829                   /home/mleduc/ide/eclipse-mars/plugins/org.eclipse.m2e.maven.runtime_1.6.2.20150902-0001/jars/okio-1.3.0.jar
7fab2c01d000-7fab2c022000 r--s 00043000 fc:00 17571828                   /home/mleduc/ide/eclipse-mars/plugins/org.eclipse.m2e.maven.runtime_1.6.2.20150902-0001/jars/okhttp-2.3.0.jar
7fab2c022000-7fab2c024000 r--s 0000a000 fc:00 17571806                   /home/mleduc/ide/eclipse-mars/plugins/org.eclipse.m2e.maven.runtime_1.6.2.20150902-0001/jars/aether-connector-okhttp-0.15.0.jar
7fab2c024000-7fab2c026000 r--s 00006000 fc:00 17571808                   /home/mleduc/ide/eclipse-mars/plugins/org.eclipse.m2e.maven.runtime_1.6.2.20150902-0001/jars/aether-spi-1.0.2.v20150114.jar
7fab2c026000-7fab2c02a000 r--s 00027000 fc:00 17571807                   /home/mleduc/ide/eclipse-mars/plugins/org.eclipse.m2e.maven.runtime_1.6.2.20150902-0001/jars/aether-impl-1.0.2.v20150114.jar
7fab2c02a000-7fab2c033000 r--s 00059000 fc:00 17571839                   /home/mleduc/ide/eclipse-mars/plugins/org.eclipse.m2e.maven.runtime_1.6.2.20150902-0001/jars/sisu-guice-3.2.5-no_aop.jar
7fab2c033000-7fab2c03a000 r--s 00055000 fc:00 17571830                   /home/mleduc/ide/eclipse-mars/plugins/org.eclipse.m2e.maven.runtime_1.6.2.20150902-0001/jars/org.eclipse.sisu.inject-0.3.0.jar
7fab2c03a000-7fab2c03d000 r--s 00008000 fc:00 17571811                   /home/mleduc/ide/eclipse-mars/plugins/org.eclipse.m2e.maven.runtime_1.6.2.20150902-0001/jars/cdi-api-1.0.jar
7fab2c03d000-7fab2c043000 r--s 0002d000 fc:00 17571831                   /home/mleduc/ide/eclipse-mars/plugins/org.eclipse.m2e.maven.runtime_1.6.2.20150902-0001/jars/org.eclipse.sisu.plexus-0.3.0.jar
7fab2c043000-7fab2c046000 r--s 0000b000 fc:00 17571843                   /home/mleduc/ide/eclipse-mars/plugins/org.eclipse.m2e.maven.runtime_1.6.2.20150902-0001/jars/wagon-provider-api-2.9.jar
7fab2c046000-7fab2c04d000 r--s 00040000 fc:00 17571819                   /home/mleduc/ide/eclipse-mars/plugins/org.eclipse.m2e.maven.runtime_1.6.2.20150902-0001/jars/maven-compat-3.3.3.jar
7fab2c04d000-7fab2c112000 rw-p 00000000 00:00 0 
7fab2c112000-7fab2c113000 ---p 00000000 00:00 0 
7fab2c113000-7fab2c213000 rw-p 00000000 00:00 0 
7fab2c213000-7fab2c214000 ---p 00000000 00:00 0 
7fab2c214000-7fab2c314000 rw-p 00000000 00:00 0 
7fab2c314000-7fab2c315000 ---p 00000000 00:00 0 
7fab2c315000-7fab2c415000 rw-p 00000000 00:00 0 
7fab2c415000-7fab2c416000 ---p 00000000 00:00 0 
7fab2c416000-7fab2c558000 rw-p 00000000 00:00 0 
7fab2c558000-7fab2c8d6000 ---p 00000000 00:00 0 
7fab2c8d6000-7fab2c8f0000 r-xp 00000000 fc:00 16126456                   /opt/java/jdk1.8.0_51/jre/lib/amd64/libzip.so
7fab2c8f0000-7fab2caf0000 ---p 0001a000 fc:00 16126456                   /opt/java/jdk1.8.0_51/jre/lib/amd64/libzip.so
7fab2caf0000-7fab2caf1000 rw-p 0001a000 fc:00 16126456                   /opt/java/jdk1.8.0_51/jre/lib/amd64/libzip.so
7fab2caf1000-7fab2cafc000 r-xp 00000000 fc:00 6422700                    /lib/x86_64-linux-gnu/libnss_files-2.23.so
7fab2cafc000-7fab2ccfb000 ---p 0000b000 fc:00 6422700                    /lib/x86_64-linux-gnu/libnss_files-2.23.so
7fab2ccfb000-7fab2ccfc000 r--p 0000a000 fc:00 6422700                    /lib/x86_64-linux-gnu/libnss_files-2.23.so
7fab2ccfc000-7fab2ccfd000 rw-p 0000b000 fc:00 6422700                    /lib/x86_64-linux-gnu/libnss_files-2.23.so
7fab2ccfd000-7fab2cd03000 rw-p 00000000 00:00 0 
7fab2cd03000-7fab2cd0e000 r-xp 00000000 fc:00 6422697                    /lib/x86_64-linux-gnu/libnss_nis-2.23.so
7fab2cd0e000-7fab2cf0d000 ---p 0000b000 fc:00 6422697                    /lib/x86_64-linux-gnu/libnss_nis-2.23.so
7fab2cf0d000-7fab2cf0e000 r--p 0000a000 fc:00 6422697                    /lib/x86_64-linux-gnu/libnss_nis-2.23.so
7fab2cf0e000-7fab2cf0f000 rw-p 0000b000 fc:00 6422697                    /lib/x86_64-linux-gnu/libnss_nis-2.23.so
7fab2cf0f000-7fab2cf25000 r-xp 00000000 fc:00 6422695                    /lib/x86_64-linux-gnu/libnsl-2.23.so
7fab2cf25000-7fab2d124000 ---p 00016000 fc:00 6422695                    /lib/x86_64-linux-gnu/libnsl-2.23.so
7fab2d124000-7fab2d125000 r--p 00015000 fc:00 6422695                    /lib/x86_64-linux-gnu/libnsl-2.23.so
7fab2d125000-7fab2d126000 rw-p 00016000 fc:00 6422695                    /lib/x86_64-linux-gnu/libnsl-2.23.so
7fab2d126000-7fab2d128000 rw-p 00000000 00:00 0 
7fab2d128000-7fab2d130000 r-xp 00000000 fc:00 6422632                    /lib/x86_64-linux-gnu/libnss_compat-2.23.so
7fab2d130000-7fab2d32f000 ---p 00008000 fc:00 6422632                    /lib/x86_64-linux-gnu/libnss_compat-2.23.so
7fab2d32f000-7fab2d330000 r--p 00007000 fc:00 6422632                    /lib/x86_64-linux-gnu/libnss_compat-2.23.so
7fab2d330000-7fab2d331000 rw-p 00008000 fc:00 6422632                    /lib/x86_64-linux-gnu/libnss_compat-2.23.so
7fab2d331000-7fab2d33b000 r-xp 00000000 fc:00 16126463                   /opt/java/jdk1.8.0_51/jre/lib/amd64/libinstrument.so
7fab2d33b000-7fab2d53a000 ---p 0000a000 fc:00 16126463                   /opt/java/jdk1.8.0_51/jre/lib/amd64/libinstrument.so
7fab2d53a000-7fab2d53b000 rw-p 00009000 fc:00 16126463                   /opt/java/jdk1.8.0_51/jre/lib/amd64/libinstrument.so
7fab2d53b000-7fab2d814000 r--p 00000000 fc:00 25304044                   /usr/lib/locale/locale-archive
7fab2d814000-7fab2d816000 r-xp 00000000 fc:00 16126438                   /opt/java/jdk1.8.0_51/jre/lib/amd64/libnpt.so
7fab2d816000-7fab2da16000 ---p 00002000 fc:00 16126438                   /opt/java/jdk1.8.0_51/jre/lib/amd64/libnpt.so
7fab2da16000-7fab2da17000 rw-p 00002000 fc:00 16126438                   /opt/java/jdk1.8.0_51/jre/lib/amd64/libnpt.so
7fab2da17000-7fab2da50000 r-xp 00000000 fc:00 16126445                   /opt/java/jdk1.8.0_51/jre/lib/amd64/libjdwp.so
7fab2da50000-7fab2dc4f000 ---p 00039000 fc:00 16126445                   /opt/java/jdk1.8.0_51/jre/lib/amd64/libjdwp.so
7fab2dc4f000-7fab2dc51000 rw-p 00038000 fc:00 16126445                   /opt/java/jdk1.8.0_51/jre/lib/amd64/libjdwp.so
7fab2dc51000-7fab2dc7b000 r-xp 00000000 fc:00 16126434                   /opt/java/jdk1.8.0_51/jre/lib/amd64/libjava.so
7fab2dc7b000-7fab2de7b000 ---p 0002a000 fc:00 16126434                   /opt/java/jdk1.8.0_51/jre/lib/amd64/libjava.so
7fab2de7b000-7fab2de7d000 rw-p 0002a000 fc:00 16126434                   /opt/java/jdk1.8.0_51/jre/lib/amd64/libjava.so
7fab2de7d000-7fab2de8a000 r-xp 00000000 fc:00 16126450                   /opt/java/jdk1.8.0_51/jre/lib/amd64/libverify.so
7fab2de8a000-7fab2e08a000 ---p 0000d000 fc:00 16126450                   /opt/java/jdk1.8.0_51/jre/lib/amd64/libverify.so
7fab2e08a000-7fab2e08c000 rw-p 0000d000 fc:00 16126450                   /opt/java/jdk1.8.0_51/jre/lib/amd64/libverify.so
7fab2e08c000-7fab2e093000 r-xp 00000000 fc:00 6422709                    /lib/x86_64-linux-gnu/librt-2.23.so
7fab2e093000-7fab2e292000 ---p 00007000 fc:00 6422709                    /lib/x86_64-linux-gnu/librt-2.23.so
7fab2e292000-7fab2e293000 r--p 00006000 fc:00 6422709                    /lib/x86_64-linux-gnu/librt-2.23.so
7fab2e293000-7fab2e294000 rw-p 00007000 fc:00 6422709                    /lib/x86_64-linux-gnu/librt-2.23.so
7fab2e294000-7fab2e39c000 r-xp 00000000 fc:00 6422706                    /lib/x86_64-linux-gnu/libm-2.23.so
7fab2e39c000-7fab2e59b000 ---p 00108000 fc:00 6422706                    /lib/x86_64-linux-gnu/libm-2.23.so
7fab2e59b000-7fab2e59c000 r--p 00107000 fc:00 6422706                    /lib/x86_64-linux-gnu/libm-2.23.so
7fab2e59c000-7fab2e59d000 rw-p 00108000 fc:00 6422706                    /lib/x86_64-linux-gnu/libm-2.23.so
7fab2e59d000-7fab2f24b000 r-xp 00000000 fc:00 16126472                   /opt/java/jdk1.8.0_51/jre/lib/amd64/server/libjvm.so
7fab2f24b000-7fab2f44b000 ---p 00cae000 fc:00 16126472                   /opt/java/jdk1.8.0_51/jre/lib/amd64/server/libjvm.so
7fab2f44b000-7fab2f522000 rw-p 00cae000 fc:00 16126472                   /opt/java/jdk1.8.0_51/jre/lib/amd64/server/libjvm.so
7fab2f522000-7fab2f566000 rw-p 00000000 00:00 0 
7fab2f566000-7fab2f726000 r-xp 00000000 fc:00 6422714                    /lib/x86_64-linux-gnu/libc-2.23.so
7fab2f726000-7fab2f925000 ---p 001c0000 fc:00 6422714                    /lib/x86_64-linux-gnu/libc-2.23.so
7fab2f925000-7fab2f929000 r--p 001bf000 fc:00 6422714                    /lib/x86_64-linux-gnu/libc-2.23.so
7fab2f929000-7fab2f92b000 rw-p 001c3000 fc:00 6422714                    /lib/x86_64-linux-gnu/libc-2.23.so
7fab2f92b000-7fab2f92f000 rw-p 00000000 00:00 0 
7fab2f92f000-7fab2f932000 r-xp 00000000 fc:00 6422715                    /lib/x86_64-linux-gnu/libdl-2.23.so
7fab2f932000-7fab2fb31000 ---p 00003000 fc:00 6422715                    /lib/x86_64-linux-gnu/libdl-2.23.so
7fab2fb31000-7fab2fb32000 r--p 00002000 fc:00 6422715                    /lib/x86_64-linux-gnu/libdl-2.23.so
7fab2fb32000-7fab2fb33000 rw-p 00003000 fc:00 6422715                    /lib/x86_64-linux-gnu/libdl-2.23.so
7fab2fb33000-7fab2fb48000 r-xp 00000000 fc:00 15732969                   /opt/java/jdk1.8.0_51/lib/amd64/jli/libjli.so
7fab2fb48000-7fab2fd48000 ---p 00015000 fc:00 15732969                   /opt/java/jdk1.8.0_51/lib/amd64/jli/libjli.so
7fab2fd48000-7fab2fd49000 rw-p 00015000 fc:00 15732969                   /opt/java/jdk1.8.0_51/lib/amd64/jli/libjli.so
7fab2fd49000-7fab2fd61000 r-xp 00000000 fc:00 6422713                    /lib/x86_64-linux-gnu/libpthread-2.23.so
7fab2fd61000-7fab2ff60000 ---p 00018000 fc:00 6422713                    /lib/x86_64-linux-gnu/libpthread-2.23.so
7fab2ff60000-7fab2ff61000 r--p 00017000 fc:00 6422713                    /lib/x86_64-linux-gnu/libpthread-2.23.so
7fab2ff61000-7fab2ff62000 rw-p 00018000 fc:00 6422713                    /lib/x86_64-linux-gnu/libpthread-2.23.so
7fab2ff62000-7fab2ff66000 rw-p 00000000 00:00 0 
7fab2ff66000-7fab2ff8c000 r-xp 00000000 fc:00 6422710                    /lib/x86_64-linux-gnu/ld-2.23.so
7fab2ff8c000-7fab2ff8d000 r--s 00008000 fc:00 17571805                   /home/mleduc/ide/eclipse-mars/plugins/org.eclipse.m2e.maven.runtime_1.6.2.20150902-0001/jars/aether-connector-basic-1.0.2.v20150114.jar
7fab2ff8d000-7fab2ff8e000 r--s 00001000 fc:00 17571815                   /home/mleduc/ide/eclipse-mars/plugins/org.eclipse.m2e.maven.runtime_1.6.2.20150902-0001/jars/jsr250-api-1.0.jar
7fab2ff8e000-7fab2ff90000 r--s 00009000 fc:00 17571812                   /home/mleduc/ide/eclipse-mars/plugins/org.eclipse.m2e.maven.runtime_1.6.2.20150902-0001/jars/commons-cli-1.2.jar
7fab2ff90000-7fab2ff92000 r--s 00002000 fc:00 17571833                   /home/mleduc/ide/eclipse-mars/plugins/org.eclipse.m2e.maven.runtime_1.6.2.20150902-0001/jars/plexus-cipher-1.7.jar
7fab2ff92000-7fab2ff95000 r--s 00013000 fc:00 17571821                   /home/mleduc/ide/eclipse-mars/plugins/org.eclipse.m2e.maven.runtime_1.6.2.20150902-0001/jars/maven-embedder-3.3.3.jar
7fab2ff95000-7fab2ff97000 r--s 00000000 fc:00 17571835                   /home/mleduc/ide/eclipse-mars/plugins/org.eclipse.m2e.maven.runtime_1.6.2.20150902-0001/jars/plexus-component-annotations-1.5.5.jar
7fab2ff97000-7fab2ff9b000 r--s 00038000 fc:00 17571838                   /home/mleduc/ide/eclipse-mars/plugins/org.eclipse.m2e.maven.runtime_1.6.2.20150902-0001/jars/plexus-utils-3.0.20.jar
7fab2ff9b000-7fab2ff9e000 r--s 0000d000 fc:00 17571836                   /home/mleduc/ide/eclipse-mars/plugins/org.eclipse.m2e.maven.runtime_1.6.2.20150902-0001/jars/plexus-interpolation-1.21.jar
7fab2ff9e000-7fab2ffa2000 r--s 00020000 fc:00 17571810                   /home/mleduc/ide/eclipse-mars/plugins/org.eclipse.m2e.maven.runtime_1.6.2.20150902-0001/jars/aether-util-1.0.2.v20150114.jar
7fab2ffa2000-7fab2ffa7000 r--s 0001d000 fc:00 17571804                   /home/mleduc/ide/eclipse-mars/plugins/org.eclipse.m2e.maven.runtime_1.6.2.20150902-0001/jars/aether-api-1.0.2.v20150114.jar
7fab2ffa7000-7fab2ffa9000 r--s 0000f000 fc:00 17571816                   /home/mleduc/ide/eclipse-mars/plugins/org.eclipse.m2e.maven.runtime_1.6.2.20150902-0001/jars/maven-aether-provider-3.3.3.jar
7fab2ffa9000-7fab2ffae000 r--s 00027000 fc:00 17571823                   /home/mleduc/ide/eclipse-mars/plugins/org.eclipse.m2e.maven.runtime_1.6.2.20150902-0001/jars/maven-model-builder-3.3.3.jar
7fab2ffae000-7fab30057000 rw-p 00000000 00:00 0 
7fab30057000-7fab3005a000 ---p 00000000 00:00 0 
7fab3005a000-7fab3015c000 rw-p 00000000 00:00 0 
7fab3015c000-7fab3015d000 r--s 00006000 fc:00 17571837                   /home/mleduc/ide/eclipse-mars/plugins/org.eclipse.m2e.maven.runtime_1.6.2.20150902-0001/jars/plexus-sec-dispatcher-1.3.jar
7fab3015d000-7fab3015f000 r--s 0000a000 fc:00 17571824                   /home/mleduc/ide/eclipse-mars/plugins/org.eclipse.m2e.maven.runtime_1.6.2.20150902-0001/jars/maven-plugin-api-3.3.3.jar
7fab3015f000-7fab30161000 r--s 0000c000 fc:00 17571817                   /home/mleduc/ide/eclipse-mars/plugins/org.eclipse.m2e.maven.runtime_1.6.2.20150902-0001/jars/maven-artifact-3.3.3.jar
7fab30161000-7fab30163000 r--s 00005000 fc:00 17571825                   /home/mleduc/ide/eclipse-mars/plugins/org.eclipse.m2e.maven.runtime_1.6.2.20150902-0001/jars/maven-repository-metadata-3.3.3.jar
7fab30163000-7fab30164000 r--s 00003000 fc:00 17571818                   /home/mleduc/ide/eclipse-mars/plugins/org.eclipse.m2e.maven.runtime_1.6.2.20150902-0001/jars/maven-builder-support-3.3.3.jar
7fab30164000-7fab30166000 r--s 00009000 fc:00 17571827                   /home/mleduc/ide/eclipse-mars/plugins/org.eclipse.m2e.maven.runtime_1.6.2.20150902-0001/jars/maven-settings-builder-3.3.3.jar
7fab30166000-7fab30168000 r--s 00009000 fc:00 17571826                   /home/mleduc/ide/eclipse-mars/plugins/org.eclipse.m2e.maven.runtime_1.6.2.20150902-0001/jars/maven-settings-3.3.3.jar
7fab30168000-7fab3016b000 r--s 00025000 fc:00 17571822                   /home/mleduc/ide/eclipse-mars/plugins/org.eclipse.m2e.maven.runtime_1.6.2.20150902-0001/jars/maven-model-3.3.3.jar
7fab3016b000-7fab30178000 r--s 0008e000 fc:00 17571820                   /home/mleduc/ide/eclipse-mars/plugins/org.eclipse.m2e.maven.runtime_1.6.2.20150902-0001/jars/maven-core-3.3.3.jar
7fab30178000-7fab30179000 r--s 00003000 fc:00 17571840                   /home/mleduc/ide/eclipse-mars/plugins/org.eclipse.m2e.maven.runtime_1.6.2.20150902-0001/jars/takari-filemanager-0.7.0.jar
7fab30179000-7fab3017b000 r--s 00001000 fc:00 17571841                   /home/mleduc/ide/eclipse-mars/plugins/org.eclipse.m2e.maven.runtime_1.6.2.20150902-0001/jars/takari-local-repository-0.9.0.jar
7fab3017b000-7fab3017d000 r--s 0000e000 fc:00 17569798                   /home/mleduc/ide/eclipse-mars/plugins/com.ifedorenko.m2e.sourcelookup_1.1.0.201506181114/com.ifedorenko.m2e.sourcelookup.javaagent.jar
7fab3017d000-7fab3017f000 r--s 0000b000 fc:00 17571834                   /home/mleduc/ide/eclipse-mars/plugins/org.eclipse.m2e.maven.runtime_1.6.2.20150902-0001/jars/plexus-classworlds-2.5.2.jar
7fab3017f000-7fab30187000 rw-s 00000000 fc:00 27834133                   /tmp/hsperfdata_mleduc/22377
7fab30187000-7fab30188000 rw-p 00000000 00:00 0 
7fab30188000-7fab30189000 r--p 00000000 00:00 0 
7fab30189000-7fab3018b000 rw-p 00000000 00:00 0 
7fab3018b000-7fab3018c000 r--p 00025000 fc:00 6422710                    /lib/x86_64-linux-gnu/ld-2.23.so
7fab3018c000-7fab3018d000 rw-p 00026000 fc:00 6422710                    /lib/x86_64-linux-gnu/ld-2.23.so
7fab3018d000-7fab3018e000 rw-p 00000000 00:00 0 
7ffca5df5000-7ffca5e16000 rw-p 00000000 00:00 0                          [stack]
7ffca5f5d000-7ffca5f5f000 r--p 00000000 00:00 0                          [vvar]
7ffca5f5f000-7ffca5f61000 r-xp 00000000 00:00 0                          [vdso]
ffffffffff600000-ffffffffff601000 r-xp 00000000 00:00 0                  [vsyscall]

VM Arguments:
jvm_args: -agentlib:jdwp=transport=dt_socket,suspend=y,address=localhost:33534 -Dmaven.home=EMBEDDED -Dclassworlds.conf=/home/mleduc/workspace/.metadata/.plugins/org.eclipse.m2e.launching/launches/m2conf1212886032091018783.tmp -Dmaven.multiModuleProjectDirectory=/home/mleduc/dev/java/kevoree/kevoree-library/java/org.kevoree.library.java.gameoflife -javaagent:/home/mleduc/ide/eclipse-mars/plugins/com.ifedorenko.m2e.sourcelookup_1.1.0.201506181114/com.ifedorenko.m2e.sourcelookup.javaagent.jar -Dfile.encoding=UTF-8 
java_command: org.codehaus.plexus.classworlds.launcher.Launcher -B clean install -Dkevoree.registry=http://localhost:10042 kev:run
java_class_path (initial): /home/mleduc/ide/eclipse-mars/plugins/org.eclipse.m2e.maven.runtime_1.6.2.20150902-0001/jars/plexus-classworlds-2.5.2.jar:/home/mleduc/ide/eclipse-mars/plugins/com.ifedorenko.m2e.sourcelookup_1.1.0.201506181114/com.ifedorenko.m2e.sourcelookup.javaagent.jar
Launcher Type: SUN_STANDARD

Environment Variables:
CLASSPATH=.:/usr/local/lib/antlr-4.4-complete.jar:
PATH=/home/mleduc/.nvm/versions/node/v5.11.0/bin:/home/mleduc/.opt/esp-open-sdk/xtensa-lx106-elf/bin:/home/mleduc/bin:/usr/local/sbin:/usr/local/bin:/usr/sbin:/usr/bin:/sbin:/bin:/usr/games:/usr/local/games:/snap/bin:/home/mleduc/.rvm/bin:/usr/local/sbin:/usr/local/bin:/usr/sbin:/usr/bin:/sbin:/bin:/home/mleduc/bin:/home/mleduc/.rvm/bin:/home/mleduc/.local/bin/:/home/mleduc/.local/bin
SHELL=/bin/zsh
DISPLAY=:0

Signal Handlers:
SIGSEGV: [libjvm.so+0xaad540], sa_mask[0]=11111111011111111101111111111110, sa_flags=SA_RESTART|SA_SIGINFO
SIGBUS: [libjvm.so+0xaad540], sa_mask[0]=11111111011111111101111111111110, sa_flags=SA_RESTART|SA_SIGINFO
SIGFPE: [libjvm.so+0x90b6b0], sa_mask[0]=11111111011111111101111111111110, sa_flags=SA_RESTART|SA_SIGINFO
SIGPIPE: [libjvm.so+0x90b6b0], sa_mask[0]=11111111011111111101111111111110, sa_flags=SA_RESTART|SA_SIGINFO
SIGXFSZ: [libjvm.so+0x90b6b0], sa_mask[0]=11111111011111111101111111111110, sa_flags=SA_RESTART|SA_SIGINFO
SIGILL: [libjvm.so+0x90b6b0], sa_mask[0]=11111111011111111101111111111110, sa_flags=SA_RESTART|SA_SIGINFO
SIGUSR1: SIG_DFL, sa_mask[0]=00000000000000000000000000000000, sa_flags=none
SIGUSR2: [libjvm.so+0x90ccf0], sa_mask[0]=00100000000000000000000000000000, sa_flags=SA_RESTART|SA_SIGINFO
SIGHUP: [libjvm.so+0x90e040], sa_mask[0]=11111111011111111101111111111110, sa_flags=SA_RESTART|SA_SIGINFO
SIGINT: [libjvm.so+0x90e040], sa_mask[0]=11111111011111111101111111111110, sa_flags=SA_RESTART|SA_SIGINFO
SIGTERM: [libjvm.so+0x90e040], sa_mask[0]=11111111011111111101111111111110, sa_flags=SA_RESTART|SA_SIGINFO
SIGQUIT: [libjvm.so+0x90e040], sa_mask[0]=11111111011111111101111111111110, sa_flags=SA_RESTART|SA_SIGINFO


---------------  S Y S T E M  ---------------

OS:DISTRIB_ID=Ubuntu
DISTRIB_RELEASE=16.04
DISTRIB_CODENAME=xenial
DISTRIB_DESCRIPTION="Ubuntu 16.04 LTS"

uname:Linux 4.4.0-22-generic #40-Ubuntu SMP Thu May 12 22:03:46 UTC 2016 x86_64
libc:glibc 2.23 NPTL 2.23 
rlimit: STACK 8192k, CORE 0k, NPROC 63534, NOFILE 65536, AS infinity
load average:0,80 1,88 2,11

/proc/meminfo:
MemTotal:       16304816 kB
MemFree:         1558984 kB
MemAvailable:    5683904 kB
Buffers:          607528 kB
Cached:          3259988 kB
SwapCached:         9528 kB
Active:          9367580 kB
Inactive:        3539484 kB
Active(anon):    7964508 kB
Inactive(anon):  2265104 kB
Active(file):    1403072 kB
Inactive(file):  1274380 kB
Unevictable:         276 kB
Mlocked:             276 kB
SwapTotal:      16650236 kB
SwapFree:       16526380 kB
Dirty:               604 kB
Writeback:             0 kB
AnonPages:       9031576 kB
Mapped:          1442788 kB
Shmem:           1190064 kB
Slab:            1604332 kB
SReclaimable:    1507780 kB
SUnreclaim:        96552 kB
KernelStack:       25888 kB
PageTables:        99512 kB
NFS_Unstable:          0 kB
Bounce:                0 kB
WritebackTmp:          0 kB
CommitLimit:    24802644 kB
Committed_AS:   25298260 kB
VmallocTotal:   34359738367 kB
VmallocUsed:           0 kB
VmallocChunk:          0 kB
HardwareCorrupted:     0 kB
AnonHugePages:   4022272 kB
CmaTotal:              0 kB
CmaFree:               0 kB
HugePages_Total:       0
HugePages_Free:        0
HugePages_Rsvd:        0
HugePages_Surp:        0
Hugepagesize:       2048 kB
DirectMap4k:      353792 kB
DirectMap2M:    16295936 kB
DirectMap1G:     1048576 kB


CPU:total 4 (2 cores per cpu, 2 threads per core) family 6 model 61 stepping 4, cmov, cx8, fxsr, mmx, sse, sse2, sse3, ssse3, sse4.1, sse4.2, popcnt, avx, avx2, aes, clmul, erms, rtm, 3dnowpref, lzcnt, ht, tsc, tscinvbit, bmi1, bmi2, adx

/proc/cpuinfo:
processor	: 0
vendor_id	: GenuineIntel
cpu family	: 6
model		: 61
model name	: Intel(R) Core(TM) i7-5600U CPU @ 2.60GHz
stepping	: 4
microcode	: 0x22
cpu MHz		: 3099.992
cache size	: 4096 KB
physical id	: 0
siblings	: 4
core id		: 0
cpu cores	: 2
apicid		: 0
initial apicid	: 0
fpu		: yes
fpu_exception	: yes
cpuid level	: 20
wp		: yes
flags		: fpu vme de pse tsc msr pae mce cx8 apic sep mtrr pge mca cmov pat pse36 clflush dts acpi mmx fxsr sse sse2 ss ht tm pbe syscall nx pdpe1gb rdtscp lm constant_tsc arch_perfmon pebs bts rep_good nopl xtopology nonstop_tsc aperfmperf eagerfpu pni pclmulqdq dtes64 monitor ds_cpl vmx smx est tm2 ssse3 sdbg fma cx16 xtpr pdcm pcid sse4_1 sse4_2 x2apic movbe popcnt tsc_deadline_timer aes xsave avx f16c rdrand lahf_lm abm 3dnowprefetch epb intel_pt tpr_shadow vnmi flexpriority ept vpid fsgsbase tsc_adjust bmi1 hle avx2 smep bmi2 erms invpcid rtm rdseed adx smap xsaveopt dtherm ida arat pln pts
bugs		:
bogomips	: 5187.47
clflush size	: 64
cache_alignment	: 64
address sizes	: 39 bits physical, 48 bits virtual
power management:

processor	: 1
vendor_id	: GenuineIntel
cpu family	: 6
model		: 61
model name	: Intel(R) Core(TM) i7-5600U CPU @ 2.60GHz
stepping	: 4
microcode	: 0x22
cpu MHz		: 3099.992
cache size	: 4096 KB
physical id	: 0
siblings	: 4
core id		: 0
cpu cores	: 2
apicid		: 1
initial apicid	: 1
fpu		: yes
fpu_exception	: yes
cpuid level	: 20
wp		: yes
flags		: fpu vme de pse tsc msr pae mce cx8 apic sep mtrr pge mca cmov pat pse36 clflush dts acpi mmx fxsr sse sse2 ss ht tm pbe syscall nx pdpe1gb rdtscp lm constant_tsc arch_perfmon pebs bts rep_good nopl xtopology nonstop_tsc aperfmperf eagerfpu pni pclmulqdq dtes64 monitor ds_cpl vmx smx est tm2 ssse3 sdbg fma cx16 xtpr pdcm pcid sse4_1 sse4_2 x2apic movbe popcnt tsc_deadline_timer aes xsave avx f16c rdrand lahf_lm abm 3dnowprefetch epb intel_pt tpr_shadow vnmi flexpriority ept vpid fsgsbase tsc_adjust bmi1 hle avx2 smep bmi2 erms invpcid rtm rdseed adx smap xsaveopt dtherm ida arat pln pts
bugs		:
bogomips	: 5187.47
clflush size	: 64
cache_alignment	: 64
address sizes	: 39 bits physical, 48 bits virtual
power management:

processor	: 2
vendor_id	: GenuineIntel
cpu family	: 6
model		: 61
model name	: Intel(R) Core(TM) i7-5600U CPU @ 2.60GHz
stepping	: 4
microcode	: 0x22
cpu MHz		: 3099.992
cache size	: 4096 KB
physical id	: 0
siblings	: 4
core id		: 1
cpu cores	: 2
apicid		: 2
initial apicid	: 2
fpu		: yes
fpu_exception	: yes
cpuid level	: 20
wp		: yes
flags		: fpu vme de pse tsc msr pae mce cx8 apic sep mtrr pge mca cmov pat pse36 clflush dts acpi mmx fxsr sse sse2 ss ht tm pbe syscall nx pdpe1gb rdtscp lm constant_tsc arch_perfmon pebs bts rep_good nopl xtopology nonstop_tsc aperfmperf eagerfpu pni pclmulqdq dtes64 monitor ds_cpl vmx smx est tm2 ssse3 sdbg fma cx16 xtpr pdcm pcid sse4_1 sse4_2 x2apic movbe popcnt tsc_deadline_timer aes xsave avx f16c rdrand lahf_lm abm 3dnowprefetch epb intel_pt tpr_shadow vnmi flexpriority ept vpid fsgsbase tsc_adjust bmi1 hle avx2 smep bmi2 erms invpcid rtm rdseed adx smap xsaveopt dtherm ida arat pln pts
bugs		:
bogomips	: 5187.47
clflush size	: 64
cache_alignment	: 64
address sizes	: 39 bits physical, 48 bits virtual
power management:

processor	: 3
vendor_id	: GenuineIntel
cpu family	: 6
model		: 61
model name	: Intel(R) Core(TM) i7-5600U CPU @ 2.60GHz
stepping	: 4
microcode	: 0x22
cpu MHz		: 3099.890
cache size	: 4096 KB
physical id	: 0
siblings	: 4
core id		: 1
cpu cores	: 2
apicid		: 3
initial apicid	: 3
fpu		: yes
fpu_exception	: yes
cpuid level	: 20
wp		: yes
flags		: fpu vme de pse tsc msr pae mce cx8 apic sep mtrr pge mca cmov pat pse36 clflush dts acpi mmx fxsr sse sse2 ss ht tm pbe syscall nx pdpe1gb rdtscp lm constant_tsc arch_perfmon pebs bts rep_good nopl xtopology nonstop_tsc aperfmperf eagerfpu pni pclmulqdq dtes64 monitor ds_cpl vmx smx est tm2 ssse3 sdbg fma cx16 xtpr pdcm pcid sse4_1 sse4_2 x2apic movbe popcnt tsc_deadline_timer aes xsave avx f16c rdrand lahf_lm abm 3dnowprefetch epb intel_pt tpr_shadow vnmi flexpriority ept vpid fsgsbase tsc_adjust bmi1 hle avx2 smep bmi2 erms invpcid rtm rdseed adx smap xsaveopt dtherm ida arat pln pts
bugs		:
bogomips	: 5187.47
clflush size	: 64
cache_alignment	: 64
address sizes	: 39 bits physical, 48 bits virtual
power management:



Memory: 4k page, physical 16304816k(1558984k free), swap 16650236k(16526380k free)

vm_info: Java HotSpot(TM) 64-Bit Server VM (25.51-b03) for linux-amd64 JRE (1.8.0_51-b16), built on Jun  8 2015 19:28:07 by "java_re" with gcc 4.3.0 20080428 (Red Hat 4.3.0-8)

time: Mon May 23 14:39:44 2016
elapsed time: 354 seconds (0d 0h 5m 54s)

